#
# A fatal error has been detected by the Java Runtime Environment:
#
#  SIGSEGV (0xb) at pc=0x00007f69b90690ba, pid=27013, tid=140091784210176
#
# JRE version: Java(TM) SE Runtime Environment (8.0_77-b03) (build 1.8.0_77-b03)
# Java VM: Java HotSpot(TM) 64-Bit Server VM (25.77-b03 mixed mode linux-amd64 compressed oops)
# Problematic frame:
# v  ~BufferBlob::jni_fast_GetLongField
#
# Failed to write core dump. Core dumps have been disabled. To enable core dumping, try "ulimit -c unlimited" before starting Java again
#
# If you would like to submit a bug report, please visit:
#   http://bugreport.java.com/bugreport/crash.jsp
# The crash happened outside the Java Virtual Machine in native code.
# See problematic frame for where to report the bug.
#

---------------  T H R E A D  ---------------

Current thread (0x00007f69c8229000):  JavaThread "AWT-XAWT" daemon [_thread_in_native, id=27031, stack(0x00007f69a8f8a000,0x00007f69a908b000)]

siginfo: si_signo: 11 (SIGSEGV), si_code: 1 (SEGV_MAPERR), si_addr: 0x0000000000000000

Registers:
RAX=0x00007f69d0a180a0, RBX=0x00007f69c82291f8, RCX=0x00007f69d147a320, RDX=0x0000000000000042
RSP=0x00007f69a90894f8, RBP=0x00007f69a9089520, RSI=0x0000000000000000, RDI=0x00007f69c82291f8
R8 =0x00000000f0732568, R9 =0x0000000000000000, R10=0x000000000000001e, R11=0x00007f69b92ec458
R12=0x00007f698000ce20, R13=0x0000000000000000, R14=0x00007f69aae137e0, R15=0x00007f69c8229000
RIP=0x00007f69b90690ba, EFLAGS=0x0000000000010246, CSGSFS=0x0000000000000033, ERR=0x0000000000000004
  TRAPNO=0x000000000000000e

Top of Stack: (sp=0x00007f69a90894f8)
0x00007f69a90894f8:   00007f69aabf1ef1 00007f69b8d5bb30
0x00007f69a9089508:   00007f698000ce20 00007f69a90895d0
0x00007f69a9089518:   00007f69a90895a0 0000000000000000
0x00007f69a9089528:   00007f69aa6d5ae8 00007f69b8d5bb30
0x00007f69a9089538:   00007f69a9089560 0000000000000000
0x00007f69a9089548:   00007f69aa6cd9a3 00007f69a90895d0
0x00007f69a9089558:   00007f69aabeb12f 00007f69a90895b0
0x00007f69a9089568:   00007f69b92ec4f6 0000000000000000
0x00007f69a9089578:   00007f69b920fc36 00007f69a90895d0
0x00007f69a9089588:   00007f69b9131cac 00000000f091e818
0x00007f69a9089598:   00007f69b92bcdb4 00000000f08a0ad8
0x00007f69a90895a8:   00000000f08d8f70 00007f69a9089630
0x00007f69a90895b8:   00007f69b9007160 00007f69a9089630
0x00007f69a90895c8:   00007f69b9007160 0000000000000000
0x00007f69a90895d8:   00007f69b90074a0 00007f6988002e20
0x00007f69a90895e8:   00000000f091e818 00007f69a90895f0
0x00007f69a90895f8:   00007f69b8e43e0c 00007f69a9089678
0x00007f69a9089608:   00007f69b8e4d648 0000000000000000
0x00007f69a9089618:   00007f69b8e43f48 00007f69a90895d0
0x00007f69a9089628:   00007f69a9089670 00007f69a90896c0
0x00007f69a9089638:   00007f69b900798d 0000000000000000
0x00007f69a9089648:   00000000f0a7f130 0000000000000000
0x00007f69a9089658:   0000000000000000 0000000000000000
0x00007f69a9089668:   00000000f091e818 0000000000000000
0x00007f69a9089678:   00000000f08d9ab0 00007f69a9089680
0x00007f69a9089688:   00007f69b8e43c4d 00007f69a90896d0
0x00007f69a9089698:   00007f69b8e4d648 0000000000000000
0x00007f69a90896a8:   00007f69b8e43c58 00007f69a9089670
0x00007f69a90896b8:   00007f69a90896d0 00007f69a9089718
0x00007f69a90896c8:   00007f69b90079d2 00000000f08d9ab0
0x00007f69a90896d8:   00007f69a90896d8 00007f69b882d8db
0x00007f69a90896e8:   00007f69a9089728 00007f69b88b4dd8 

Instructions: (pc=0x00007f69b90690ba)
0x00007f69b906909a:   00 00 00 00 00 00 44 8b 15 a1 e5 9e 17 4c 8b ce
0x00007f69b90690aa:   41 f6 c2 01 0f 85 2e 00 00 00 4d 33 ca 4d 33 ca
0x00007f69b90690ba:   4d 8b 09 4c 8b da 49 c1 eb 02 4b 8b 04 19 49 bb
0x00007f69b90690ca:   48 76 a5 d0 69 7f 00 00 4c 33 d8 4c 33 d8 45 3b 

Register to memory mapping:

RAX=0x00007f69d0a180a0: <offset 0xf760a0> in /usr/lib/jvm/java-8-oracle/jre/lib/amd64/server/libjvm.so at 0x00007f69cfaa2000
RBX=0x00007f69c82291f8 is an unknown value
RCX=0x00007f69d147a320: <offset 0x219320> in /lib/x86_64-linux-gnu/libpthread.so.0 at 0x00007f69d1261000
RDX=0x0000000000000042 is an unknown value
RSP=0x00007f69a90894f8 is pointing into the stack for thread: 0x00007f69c8229000
RBP=0x00007f69a9089520 is pointing into the stack for thread: 0x00007f69c8229000
RSI=0x0000000000000000 is an unknown value
RDI=0x00007f69c82291f8 is an unknown value
R8 =0x00000000f0732568 is an oop
sun.util.logging.PlatformLogger$Level 
 - klass: 'sun/util/logging/PlatformLogger$Level'
R9 =0x0000000000000000 is an unknown value
R10=0x000000000000001e is an unknown value
R11=0x00007f69b92ec458 is at entry_point+24 in (nmethod*)0x00007f69b92ec2d0
R12=0x00007f698000ce20 is an unknown value
R13=0x0000000000000000 is an unknown value
R14=0x00007f69aae137e0: <offset 0x2587e0> in /usr/lib/jvm/java-8-oracle/jre/lib/amd64/libawt_xawt.so at 0x00007f69aabbb000
R15=0x00007f69c8229000 is a thread


Stack: [0x00007f69a8f8a000,0x00007f69a908b000],  sp=0x00007f69a90894f8,  free space=1021k
Native frames: (J=compiled Java code, j=interpreted, Vv=VM code, C=native code)
v  ~BufferBlob::jni_fast_GetLongField
C  [libX11.so.6+0x61ae8]  _XimServerDestroy+0x58

Java frames: (J=compiled Java code, j=interpreted, Vv=VM code)
J 850  sun.awt.X11.XlibWrapper.XFilterEvent(JJ)Z (0 bytes) @ 0x00007f69b92ec484 [0x00007f69b92ec440+0x44]
j  sun.awt.X11.XToolkit.run(Z)V+300
j  sun.awt.X11.XToolkit.run()V+5
j  java.lang.Thread.run()V+11
v  ~StubRoutines::call_stub

---------------  P R O C E S S  ---------------

Java Threads: ( => current thread )
  0x00007f6980019000 JavaThread "XToolkt-Shutdown-Thread" [_thread_blocked, id=654, stack(0x00007f697beff000,0x00007f697c000000)]
  0x00007f69a0001000 JavaThread "SIGTERM handler" daemon [_thread_blocked, id=653, stack(0x00007f69a80de000,0x00007f69a81df000)]
  0x00007f6980017000 JavaThread "TimerQueue" daemon [_thread_blocked, id=27036, stack(0x00007f69a81df000,0x00007f69a82e0000)]
  0x00007f69c8009800 JavaThread "DestroyJavaVM" [_thread_blocked, id=27019, stack(0x00007f69d157a000,0x00007f69d167b000)]
  0x00007f69c8328000 JavaThread "AWT-EventQueue-0" [_thread_blocked, id=27033, stack(0x00007f69a84e0000,0x00007f69a85e1000)]
  0x00007f69c831f000 JavaThread "AWT-Shutdown" [_thread_blocked, id=27032, stack(0x00007f69a85e1000,0x00007f69a86e2000)]
=>0x00007f69c8229000 JavaThread "AWT-XAWT" daemon [_thread_in_native, id=27031, stack(0x00007f69a8f8a000,0x00007f69a908b000)]
  0x00007f69c8203000 JavaThread "Java2D Disposer" daemon [_thread_blocked, id=27030, stack(0x00007f69a949b000,0x00007f69a959c000)]
  0x00007f69c80bb000 JavaThread "Service Thread" daemon [_thread_blocked, id=27028, stack(0x00007f69ab1e7000,0x00007f69ab2e8000)]
  0x00007f69c80b8000 JavaThread "C1 CompilerThread1" daemon [_thread_blocked, id=27027, stack(0x00007f69ab2e8000,0x00007f69ab3e9000)]
  0x00007f69c80b5800 JavaThread "C2 CompilerThread0" daemon [_thread_blocked, id=27026, stack(0x00007f69ab3e9000,0x00007f69ab4ea000)]
  0x00007f69c80b4000 JavaThread "Signal Dispatcher" daemon [_thread_blocked, id=27025, stack(0x00007f69ab4ea000,0x00007f69ab5eb000)]
  0x00007f69c807f800 JavaThread "Finalizer" daemon [_thread_blocked, id=27024, stack(0x00007f69abdfe000,0x00007f69abeff000)]
  0x00007f69c807b000 JavaThread "Reference Handler" daemon [_thread_blocked, id=27023, stack(0x00007f69abeff000,0x00007f69ac000000)]

Other Threads:
  0x00007f69c8073800 VMThread [stack: 0x00007f69b80f9000,0x00007f69b81fa000] [id=27022]
  0x00007f69c80be000 WatcherThread [stack: 0x00007f69ab0e6000,0x00007f69ab1e7000] [id=27029]

VM state:not at safepoint (normal execution)

VM Mutex/Monitor currently owned by a thread: None

Heap:
 PSYoungGen      total 14336K, used 8377K [0x00000000f0580000, 0x00000000f1580000, 0x0000000100000000)
  eden space 12288K, 68% used [0x00000000f0580000,0x00000000f0dae730,0x00000000f1180000)
  from space 2048K, 0% used [0x00000000f1380000,0x00000000f1380000,0x00000000f1580000)
  to   space 2048K, 0% used [0x00000000f1180000,0x00000000f1180000,0x00000000f1380000)
 ParOldGen       total 32768K, used 0K [0x00000000d1000000, 0x00000000d3000000, 0x00000000f0580000)
  object space 32768K, 0% used [0x00000000d1000000,0x00000000d1000000,0x00000000d3000000)
 Metaspace       used 12399K, capacity 12598K, committed 12800K, reserved 1060864K
  class space    used 1419K, capacity 1516K, committed 1536K, reserved 1048576K

Card table byte_map: [0x00007f69ce1c9000,0x00007f69ce342000] byte_map_base: 0x00007f69cdb41000

Marking Bits: (ParMarkBitMap*) 0x00007f69d0a57100
 Begin Bits: [0x00007f69cc74c000, 0x00007f69cd30c000)
 End Bits:   [0x00007f69cd30c000, 0x00007f69cdecc000)

Polling page: 0x00007f69d169e000

CodeCache: size=245760Kb used=3136Kb max_used=3147Kb free=242623Kb
 bounds [0x00007f69b9000000, 0x00007f69b9320000, 0x00007f69c8000000]
 total_blobs=1449 nmethods=913 adapters=452
 compilation: enabled

Compilation events (10 events):
Event: 8521,134 Thread 0x00007f69c80b8000  909       1       sun.awt.X11.XEvent::getPData (5 bytes)
Event: 8521,134 Thread 0x00007f69c80b8000 nmethod 909 0x00007f69b930c8d0 code [0x00007f69b930ca20, 0x00007f69b930cb30]
Event: 9204,662 Thread 0x00007f69c80b5800  910       4       java.util.TreeMap::getEntry (84 bytes)
Event: 9204,666 Thread 0x00007f69c80b5800 nmethod 910 0x00007f69b930e390 code [0x00007f69b930e4e0, 0x00007f69b930e638]
Event: 10848,445 Thread 0x00007f69c80b5800  911   !   4       sun.awt.X11.XToolkit::windowToXWindow (27 bytes)
Event: 10848,454 Thread 0x00007f69c80b5800 nmethod 911 0x00007f69b93119d0 code [0x00007f69b9311b60, 0x00007f69b93120b8]
Event: 12195,866 Thread 0x00007f69c80b5800  912       4       sun.awt.X11.XEvent::get_xany (22 bytes)
Event: 12195,886 Thread 0x00007f69c80b5800 nmethod 912 0x00007f69b9310fd0 code [0x00007f69b9311160, 0x00007f69b93114b8]
Event: 12267,569 Thread 0x00007f69c80b5800  913       4       java.util.Vector$Itr::hasNext (20 bytes)
Event: 12267,569 Thread 0x00007f69c80b5800 nmethod 913 0x00007f69b9312690 code [0x00007f69b93127e0, 0x00007f69b9312878]

GC Heap History (0 events):
No events

Deoptimization events (1 events):
Event: 0,866 Thread 0x00007f69c8009800 Uncommon trap: reason=null_check action=make_not_entrant pc=0x00007f69b916bf44 method=java.lang.String.equals(Ljava/lang/Object;)Z @ 8

Internal exceptions (10 events):
Event: 0,040 Thread 0x00007f69c8009800 Exception <a 'java/lang/NoSuchMethodError': Method sun.misc.Unsafe.prefetchRead(Ljava/lang/Object;J)V name or signature does not match> (0x00000000f0587fa8) thrown at [/HUDSON/workspace/8-2-build-linux-amd64/jdk8u77/6540/hotspot/src/share/vm/prims/jni.cpp
Event: 0,164 Thread 0x00007f69c8009800 Exception <a 'java/security/PrivilegedActionException'> (0x00000000f069b158) thrown at [/HUDSON/workspace/8-2-build-linux-amd64/jdk8u77/6540/hotspot/src/share/vm/prims/jvm.cpp, line 1386]
Event: 0,164 Thread 0x00007f69c8009800 Exception <a 'java/security/PrivilegedActionException'> (0x00000000f069b550) thrown at [/HUDSON/workspace/8-2-build-linux-amd64/jdk8u77/6540/hotspot/src/share/vm/prims/jvm.cpp, line 1386]
Event: 0,165 Thread 0x00007f69c8009800 Exception <a 'java/security/PrivilegedActionException'> (0x00000000f069db78) thrown at [/HUDSON/workspace/8-2-build-linux-amd64/jdk8u77/6540/hotspot/src/share/vm/prims/jvm.cpp, line 1386]
Event: 0,165 Thread 0x00007f69c8009800 Exception <a 'java/security/PrivilegedActionException'> (0x00000000f069df70) thrown at [/HUDSON/workspace/8-2-build-linux-amd64/jdk8u77/6540/hotspot/src/share/vm/prims/jvm.cpp, line 1386]
Event: 0,329 Thread 0x00007f69c8009800 Exception <a 'java/lang/NoSuchFieldError': method resolution failed> (0x00000000f07fcf68) thrown at [/HUDSON/workspace/8-2-build-linux-amd64/jdk8u77/6540/hotspot/src/share/vm/prims/methodHandles.cpp, line 1146]
Event: 0,342 Thread 0x00007f69c8009800 Exception <a 'java/lang/NoSuchFieldError': method resolution failed> (0x00000000f080a708) thrown at [/HUDSON/workspace/8-2-build-linux-amd64/jdk8u77/6540/hotspot/src/share/vm/prims/methodHandles.cpp, line 1146]
Event: 0,393 Thread 0x00007f69c8009800 Exception <a 'java/io/FileNotFoundException'> (0x00000000f0889e08) thrown at [/HUDSON/workspace/8-2-build-linux-amd64/jdk8u77/6540/hotspot/src/share/vm/prims/jni.cpp, line 709]
Event: 0,393 Thread 0x00007f69c8009800 Exception <a 'java/io/FileNotFoundException'> (0x00000000f088a7b8) thrown at [/HUDSON/workspace/8-2-build-linux-amd64/jdk8u77/6540/hotspot/src/share/vm/prims/jni.cpp, line 709]
Event: 0,866 Thread 0x00007f69c8009800 Implicit null exception at 0x00007f69b916bd62 to 0x00007f69b916bf35

Events (10 events):
Event: 14,257 loading class java/util/AbstractQueue
Event: 14,257 loading class java/util/AbstractQueue done
Event: 14,257 loading class java/util/concurrent/DelayQueue done
Event: 14,258 loading class java/util/PriorityQueue
Event: 14,258 loading class java/util/PriorityQueue done
Event: 14,259 loading class javax/swing/TimerQueue$1
Event: 14,259 loading class javax/swing/TimerQueue$1 done
Event: 14,259 Thread 0x00007f6980017000 Thread added: 0x00007f6980017000
Event: 15388,341 loading class sun/awt/X11/XDestroyWindowEvent
Event: 15388,573 loading class sun/awt/X11/XDestroyWindowEvent done


Dynamic libraries:
00400000-00401000 r-xp 00000000 08:06 2536843                            /usr/lib/jvm/java-8-oracle/jre/bin/java
00600000-00601000 rw-p 00000000 08:06 2536843                            /usr/lib/jvm/java-8-oracle/jre/bin/java
0231a000-0233b000 rw-p 00000000 00:00 0                                  [heap]
d1000000-d3000000 rw-p 00000000 00:00 0 
d3000000-f0580000 ---p 00000000 00:00 0 
f0580000-f1580000 rw-p 00000000 00:00 0 
f1580000-100000000 ---p 00000000 00:00 0 
100000000-100180000 rw-p 00000000 00:00 0 
100180000-140000000 ---p 00000000 00:00 0 
7f697beff000-7f697bf02000 ---p 00000000 00:00 0 
7f697bf02000-7f697c000000 rw-p 00000000 00:00 0                          [stack:654]
7f697c000000-7f697c021000 rw-p 00000000 00:00 0 
7f697c021000-7f6980000000 ---p 00000000 00:00 0 
7f6980000000-7f6980021000 rw-p 00000000 00:00 0 
7f6980021000-7f6984000000 ---p 00000000 00:00 0 
7f6984000000-7f6984021000 rw-p 00000000 00:00 0 
7f6984021000-7f6988000000 ---p 00000000 00:00 0 
7f6988000000-7f698802c000 rw-p 00000000 00:00 0 
7f698802c000-7f698c000000 ---p 00000000 00:00 0 
7f698c000000-7f698c021000 rw-p 00000000 00:00 0 
7f698c021000-7f6990000000 ---p 00000000 00:00 0 
7f6990000000-7f6990021000 rw-p 00000000 00:00 0 
7f6990021000-7f6994000000 ---p 00000000 00:00 0 
7f6994000000-7f69941f3000 rw-p 00000000 00:00 0 
7f69941f3000-7f6998000000 ---p 00000000 00:00 0 
7f6998000000-7f699834e000 rw-p 00000000 00:00 0 
7f699834e000-7f699c000000 ---p 00000000 00:00 0 
7f699c000000-7f699c021000 rw-p 00000000 00:00 0 
7f699c021000-7f69a0000000 ---p 00000000 00:00 0 
7f69a0000000-7f69a0021000 rw-p 00000000 00:00 0 
7f69a0021000-7f69a4000000 ---p 00000000 00:00 0 
7f69a4000000-7f69a4021000 rw-p 00000000 00:00 0 
7f69a4021000-7f69a8000000 ---p 00000000 00:00 0 
7f69a80de000-7f69a80e1000 ---p 00000000 00:00 0 
7f69a80e1000-7f69a81df000 rw-p 00000000 00:00 0                          [stack:653]
7f69a81df000-7f69a81e2000 ---p 00000000 00:00 0 
7f69a81e2000-7f69a83e0000 rw-p 00000000 00:00 0                          [stack:27036]
7f69a83e0000-7f69a84e0000 ---p 00000000 00:00 0 
7f69a84e0000-7f69a84e3000 ---p 00000000 00:00 0 
7f69a84e3000-7f69a85e1000 rw-p 00000000 00:00 0                          [stack:27033]
7f69a85e1000-7f69a85e4000 ---p 00000000 00:00 0 
7f69a85e4000-7f69a86e2000 rw-p 00000000 00:00 0                          [stack:27032]
7f69a86e2000-7f69a874b000 r-xp 00000000 08:06 2622121                    /usr/lib/jvm/java-8-oracle/jre/lib/amd64/libt2k.so
7f69a874b000-7f69a894b000 ---p 00069000 08:06 2622121                    /usr/lib/jvm/java-8-oracle/jre/lib/amd64/libt2k.so
7f69a894b000-7f69a8952000 rw-p 00069000 08:06 2622121                    /usr/lib/jvm/java-8-oracle/jre/lib/amd64/libt2k.so
7f69a8952000-7f69a8962000 rw-p 00000000 00:00 0 
7f69a8962000-7f69a8973000 r-xp 00000000 08:06 2622117                    /usr/lib/jvm/java-8-oracle/jre/lib/amd64/libnio.so
7f69a8973000-7f69a8b72000 ---p 00011000 08:06 2622117                    /usr/lib/jvm/java-8-oracle/jre/lib/amd64/libnio.so
7f69a8b72000-7f69a8b73000 rw-p 00010000 08:06 2622117                    /usr/lib/jvm/java-8-oracle/jre/lib/amd64/libnio.so
7f69a8b73000-7f69a8b89000 r-xp 00000000 08:06 2622175                    /usr/lib/jvm/java-8-oracle/jre/lib/amd64/libnet.so
7f69a8b89000-7f69a8d89000 ---p 00016000 08:06 2622175                    /usr/lib/jvm/java-8-oracle/jre/lib/amd64/libnet.so
7f69a8d89000-7f69a8d8a000 rw-p 00016000 08:06 2622175                    /usr/lib/jvm/java-8-oracle/jre/lib/amd64/libnet.so
7f69a8d8a000-7f69a8f8a000 rw-p 00000000 00:00 0 
7f69a8f8a000-7f69a8f8d000 ---p 00000000 00:00 0 
7f69a8f8d000-7f69a908b000 rw-p 00000000 00:00 0                          [stack:27031]
7f69a908b000-7f69a9090000 r-xp 00000000 08:06 2507823                    /usr/lib/x86_64-linux-gnu/libXfixes.so.3.1.0
7f69a9090000-7f69a928f000 ---p 00005000 08:06 2507823                    /usr/lib/x86_64-linux-gnu/libXfixes.so.3.1.0
7f69a928f000-7f69a9290000 r--p 00004000 08:06 2507823                    /usr/lib/x86_64-linux-gnu/libXfixes.so.3.1.0
7f69a9290000-7f69a9291000 rw-p 00005000 08:06 2507823                    /usr/lib/x86_64-linux-gnu/libXfixes.so.3.1.0
7f69a9291000-7f69a929a000 r-xp 00000000 08:06 2499608                    /usr/lib/x86_64-linux-gnu/libXcursor.so.1.0.2
7f69a929a000-7f69a9499000 ---p 00009000 08:06 2499608                    /usr/lib/x86_64-linux-gnu/libXcursor.so.1.0.2
7f69a9499000-7f69a949a000 r--p 00008000 08:06 2499608                    /usr/lib/x86_64-linux-gnu/libXcursor.so.1.0.2
7f69a949a000-7f69a949b000 rw-p 00009000 08:06 2499608                    /usr/lib/x86_64-linux-gnu/libXcursor.so.1.0.2
7f69a949b000-7f69a949e000 ---p 00000000 00:00 0 
7f69a949e000-7f69a959c000 rw-p 00000000 00:00 0                          [stack:27030]
7f69a959c000-7f69a95b2000 r-xp 00000000 08:06 3149878                    /lib/x86_64-linux-gnu/libgcc_s.so.1
7f69a95b2000-7f69a97b1000 ---p 00016000 08:06 3149878                    /lib/x86_64-linux-gnu/libgcc_s.so.1
7f69a97b1000-7f69a97b2000 rw-p 00015000 08:06 3149878                    /lib/x86_64-linux-gnu/libgcc_s.so.1
7f69a97b2000-7f69a9817000 r-xp 00000000 08:06 2622166                    /usr/lib/jvm/java-8-oracle/jre/lib/amd64/libfontmanager.so
7f69a9817000-7f69a9a16000 ---p 00065000 08:06 2622166                    /usr/lib/jvm/java-8-oracle/jre/lib/amd64/libfontmanager.so
7f69a9a16000-7f69a9a1b000 rw-p 00064000 08:06 2622166                    /usr/lib/jvm/java-8-oracle/jre/lib/amd64/libfontmanager.so
7f69a9a1b000-7f69a9a2b000 rw-p 00000000 00:00 0 
7f69a9a2b000-7f69a9a30000 r-xp 00000000 08:06 2499612                    /usr/lib/x86_64-linux-gnu/libXdmcp.so.6.0.0
7f69a9a30000-7f69a9c2f000 ---p 00005000 08:06 2499612                    /usr/lib/x86_64-linux-gnu/libXdmcp.so.6.0.0
7f69a9c2f000-7f69a9c30000 r--p 00004000 08:06 2499612                    /usr/lib/x86_64-linux-gnu/libXdmcp.so.6.0.0
7f69a9c30000-7f69a9c31000 rw-p 00005000 08:06 2499612                    /usr/lib/x86_64-linux-gnu/libXdmcp.so.6.0.0
7f69a9c31000-7f69a9c33000 r-xp 00000000 08:06 2499601                    /usr/lib/x86_64-linux-gnu/libXau.so.6.0.0
7f69a9c33000-7f69a9e33000 ---p 00002000 08:06 2499601                    /usr/lib/x86_64-linux-gnu/libXau.so.6.0.0
7f69a9e33000-7f69a9e34000 r--p 00002000 08:06 2499601                    /usr/lib/x86_64-linux-gnu/libXau.so.6.0.0
7f69a9e34000-7f69a9e35000 rw-p 00003000 08:06 2499601                    /usr/lib/x86_64-linux-gnu/libXau.so.6.0.0
7f69a9e35000-7f69a9e52000 r-xp 00000000 08:06 2500671                    /usr/lib/x86_64-linux-gnu/libxcb.so.1.1.0
7f69a9e52000-7f69aa052000 ---p 0001d000 08:06 2500671                    /usr/lib/x86_64-linux-gnu/libxcb.so.1.1.0
7f69aa052000-7f69aa053000 r--p 0001d000 08:06 2500671                    /usr/lib/x86_64-linux-gnu/libxcb.so.1.1.0
7f69aa053000-7f69aa054000 rw-p 0001e000 08:06 2500671                    /usr/lib/x86_64-linux-gnu/libxcb.so.1.1.0
7f69aa054000-7f69aa063000 r-xp 00000000 08:06 2507928                    /usr/lib/x86_64-linux-gnu/libXi.so.6.1.0
7f69aa063000-7f69aa262000 ---p 0000f000 08:06 2507928                    /usr/lib/x86_64-linux-gnu/libXi.so.6.1.0
7f69aa262000-7f69aa263000 r--p 0000e000 08:06 2507928                    /usr/lib/x86_64-linux-gnu/libXi.so.6.1.0
7f69aa263000-7f69aa264000 rw-p 0000f000 08:06 2507928                    /usr/lib/x86_64-linux-gnu/libXi.so.6.1.0
7f69aa264000-7f69aa269000 r-xp 00000000 08:06 2499642                    /usr/lib/x86_64-linux-gnu/libXtst.so.6.1.0
7f69aa269000-7f69aa468000 ---p 00005000 08:06 2499642                    /usr/lib/x86_64-linux-gnu/libXtst.so.6.1.0
7f69aa468000-7f69aa469000 r--p 00004000 08:06 2499642                    /usr/lib/x86_64-linux-gnu/libXtst.so.6.1.0
7f69aa469000-7f69aa46a000 rw-p 00005000 08:06 2499642                    /usr/lib/x86_64-linux-gnu/libXtst.so.6.1.0
7f69aa46a000-7f69aa473000 r-xp 00000000 08:06 2507930                    /usr/lib/x86_64-linux-gnu/libXrender.so.1.3.0
7f69aa473000-7f69aa672000 ---p 00009000 08:06 2507930                    /usr/lib/x86_64-linux-gnu/libXrender.so.1.3.0
7f69aa672000-7f69aa673000 r--p 00008000 08:06 2507930                    /usr/lib/x86_64-linux-gnu/libXrender.so.1.3.0
7f69aa673000-7f69aa674000 rw-p 00009000 08:06 2507930                    /usr/lib/x86_64-linux-gnu/libXrender.so.1.3.0
7f69aa674000-7f69aa7a4000 r-xp 00000000 08:06 2499597                    /usr/lib/x86_64-linux-gnu/libX11.so.6.3.0
7f69aa7a4000-7f69aa9a4000 ---p 00130000 08:06 2499597                    /usr/lib/x86_64-linux-gnu/libX11.so.6.3.0
7f69aa9a4000-7f69aa9a5000 r--p 00130000 08:06 2499597                    /usr/lib/x86_64-linux-gnu/libX11.so.6.3.0
7f69aa9a5000-7f69aa9a9000 rw-p 00131000 08:06 2499597                    /usr/lib/x86_64-linux-gnu/libX11.so.6.3.0
7f69aa9a9000-7f69aa9ba000 r-xp 00000000 08:06 2500123                    /usr/lib/x86_64-linux-gnu/libXext.so.6.4.0
7f69aa9ba000-7f69aabb9000 ---p 00011000 08:06 2500123                    /usr/lib/x86_64-linux-gnu/libXext.so.6.4.0
7f69aabb9000-7f69aabba000 r--p 00010000 08:06 2500123                    /usr/lib/x86_64-linux-gnu/libXext.so.6.4.0
7f69aabba000-7f69aabbb000 rw-p 00011000 08:06 2500123                    /usr/lib/x86_64-linux-gnu/libXext.so.6.4.0
7f69aabbb000-7f69aac0f000 r-xp 00000000 08:06 2622138                    /usr/lib/jvm/java-8-oracle/jre/lib/amd64/libawt_xawt.so
7f69aac0f000-7f69aae0f000 ---p 00054000 08:06 2622138                    /usr/lib/jvm/java-8-oracle/jre/lib/amd64/libawt_xawt.so
7f69aae0f000-7f69aae13000 rw-p 00054000 08:06 2622138                    /usr/lib/jvm/java-8-oracle/jre/lib/amd64/libawt_xawt.so
7f69aae13000-7f69aae14000 rw-p 00000000 00:00 0 
7f69aae14000-7f69aaeb6000 r-xp 00000000 08:06 2622167                    /usr/lib/jvm/java-8-oracle/jre/lib/amd64/libawt.so
7f69aaeb6000-7f69ab0b6000 ---p 000a2000 08:06 2622167                    /usr/lib/jvm/java-8-oracle/jre/lib/amd64/libawt.so
7f69ab0b6000-7f69ab0c2000 rw-p 000a2000 08:06 2622167                    /usr/lib/jvm/java-8-oracle/jre/lib/amd64/libawt.so
7f69ab0c2000-7f69ab0e6000 rw-p 00000000 00:00 0 
7f69ab0e6000-7f69ab0e7000 ---p 00000000 00:00 0 
7f69ab0e7000-7f69ab1e7000 rw-p 00000000 00:00 0                          [stack:27029]
7f69ab1e7000-7f69ab1ea000 ---p 00000000 00:00 0 
7f69ab1ea000-7f69ab2e8000 rw-p 00000000 00:00 0                          [stack:27028]
7f69ab2e8000-7f69ab2eb000 ---p 00000000 00:00 0 
7f69ab2eb000-7f69ab3e9000 rw-p 00000000 00:00 0                          [stack:27027]
7f69ab3e9000-7f69ab3ec000 ---p 00000000 00:00 0 
7f69ab3ec000-7f69ab4ea000 rw-p 00000000 00:00 0                          [stack:27026]
7f69ab4ea000-7f69ab4ed000 ---p 00000000 00:00 0 
7f69ab4ed000-7f69ab5eb000 rw-p 00000000 00:00 0                          [stack:27025]
7f69ab5eb000-7f69abdfe000 r--p 00000000 08:06 2498427                    /usr/lib/locale/locale-archive
7f69abdfe000-7f69abe01000 ---p 00000000 00:00 0 
7f69abe01000-7f69abeff000 rw-p 00000000 00:00 0                          [stack:27024]
7f69abeff000-7f69abf02000 ---p 00000000 00:00 0 
7f69abf02000-7f69ac000000 rw-p 00000000 00:00 0                          [stack:27023]
7f69ac000000-7f69ac021000 rw-p 00000000 00:00 0 
7f69ac021000-7f69b0000000 ---p 00000000 00:00 0 
7f69b0000000-7f69b0021000 rw-p 00000000 00:00 0 
7f69b0021000-7f69b4000000 ---p 00000000 00:00 0 
7f69b4000000-7f69b4021000 rw-p 00000000 00:00 0 
7f69b4021000-7f69b8000000 ---p 00000000 00:00 0 
7f69b804c000-7f69b804d000 r--s 00000000 08:06 2899206                    /var/cache/fontconfig/c05880de57d1f5e948fdfacc138775d9-le64.cache-4
7f69b804d000-7f69b8058000 r--s 00000000 08:06 2899200                    /var/cache/fontconfig/945677eb7aeaf62f1d50efc3fb3ec7d8-le64.cache-4
7f69b8058000-7f69b805e000 r--s 00000000 08:06 2899186                    /var/cache/fontconfig/2cd17615ca594fa2959ae173292e504c-le64.cache-4
7f69b805e000-7f69b805f000 r--s 00000000 08:06 2899216                    /var/cache/fontconfig/e7071f4a29fa870f4323321c154eba04-le64.cache-4
7f69b805f000-7f69b8060000 r--s 00000000 08:06 2899183                    /var/cache/fontconfig/0d8c3b2ac0904cb8a57a757ad11a4a08-le64.cache-4
7f69b8060000-7f69b8067000 r--s 00000000 08:06 2899203                    /var/cache/fontconfig/a755afe4a08bf5b97852ceb7400b47bc-le64.cache-4
7f69b8067000-7f69b806b000 r--s 00000000 08:06 2903995                    /var/cache/fontconfig/6d41288fd70b0be22e8c3a91e032eec0-le64.cache-4
7f69b806b000-7f69b807f000 r--s 00000000 08:06 2899181                    /var/cache/fontconfig/04aabc0a78ac019cf9454389977116d2-le64.cache-4
7f69b807f000-7f69b8080000 r--s 00000000 08:06 2899185                    /var/cache/fontconfig/1ac9eb803944fde146138c791f5cc56a-le64.cache-4
7f69b8080000-7f69b8084000 r--s 00000000 08:06 2899189                    /var/cache/fontconfig/385c0604a188198f04d133e54aba7fe7-le64.cache-4
7f69b8084000-7f69b8086000 r--s 00000000 08:06 2899197                    /var/cache/fontconfig/767a8244fc0220cfb567a839d0392e0b-le64.cache-4
7f69b8086000-7f69b808b000 r--s 00000000 08:06 2899199                    /var/cache/fontconfig/8801497958630a81b71ace7c5f9b32a8-le64.cache-4
7f69b808b000-7f69b80c6000 r--s 00000000 08:06 2894190                    /var/cache/fontconfig/365b55f210c0a22e9a19e35191240f32-le64.cache-4
7f69b80c6000-7f69b80ca000 r--s 00000000 08:06 2893350                    /var/cache/fontconfig/69c252d2c43c6a4e228281b992d76c04-le64.cache-4
7f69b80ca000-7f69b80d1000 r--s 00000000 08:06 2899187                    /var/cache/fontconfig/3047814df9a2f067bd2d96a2b9c36e5a-le64.cache-4
7f69b80d1000-7f69b80d7000 r--s 00000000 08:06 2899204                    /var/cache/fontconfig/b47c4e1ecd0709278f4910c18777a504-le64.cache-4
7f69b80d7000-7f69b80ea000 r--s 00000000 08:06 2899210                    /var/cache/fontconfig/d52a8644073d54c13679302ca1180695-le64.cache-4
7f69b80ea000-7f69b80ee000 r--s 00000000 08:06 2893145                    /var/cache/fontconfig/42b85b8870a9886f24b1a55d8ef88da0-le64.cache-4
7f69b80ee000-7f69b80f9000 r--s 00000000 08:06 2898876                    /var/cache/fontconfig/d589a48862398ed80a3d6066f4f56f4c-le64.cache-4
7f69b80f9000-7f69b80fa000 ---p 00000000 00:00 0 
7f69b80fa000-7f69b9000000 rw-p 00000000 00:00 0                          [stack:27022]
7f69b9000000-7f69b9320000 rwxp 00000000 00:00 0 
7f69b9320000-7f69c8000000 ---p 00000000 00:00 0 
7f69c8000000-7f69c8575000 rw-p 00000000 00:00 0 
7f69c8575000-7f69cc000000 ---p 00000000 00:00 0 
7f69cc000000-7f69cc001000 r--s 00000000 08:06 2899213                    /var/cache/fontconfig/dc05db6664285cc2f12bf69c139ae4c3-le64.cache-4
7f69cc001000-7f69cc00a000 r--s 00000000 08:06 2892931                    /var/cache/fontconfig/3f7329c5293ffd510edef78f73874cfd-le64.cache-4
7f69cc00a000-7f69cc013000 r--s 00000000 08:06 2894189                    /var/cache/fontconfig/d0972c3d32f097851eb916381fc38920-le64.cache-4
7f69cc013000-7f69cc020000 r--s 00000000 08:06 2902107                    /var/cache/fontconfig/e13b20fdb08344e0e664864cc2ede53d-le64.cache-4
7f69cc020000-7f69cc386000 rw-p 00000000 00:00 0 
7f69cc386000-7f69cc55e000 r--s 03d1e000 08:06 2536952                    /usr/lib/jvm/java-8-oracle/jre/lib/rt.jar
7f69cc55e000-7f69cdecc000 rw-p 00000000 00:00 0 
7f69cdecc000-7f69cdecd000 ---p 00000000 00:00 0 
7f69cdecd000-7f69cdfcd000 rw-p 00000000 00:00 0                          [stack:27021]
7f69cdfcd000-7f69cdfce000 ---p 00000000 00:00 0 
7f69cdfce000-7f69ce0de000 rw-p 00000000 00:00 0                          [stack:27020]
7f69ce0de000-7f69ce1c9000 ---p 00000000 00:00 0 
7f69ce1c9000-7f69ce1d9000 rw-p 00000000 00:00 0 
7f69ce1d9000-7f69ce2c3000 ---p 00000000 00:00 0 
7f69ce2c3000-7f69ce2cc000 rw-p 00000000 00:00 0 
7f69ce2cc000-7f69ce341000 ---p 00000000 00:00 0 
7f69ce341000-7f69ce34f000 rw-p 00000000 00:00 0 
7f69ce34f000-7f69ce702000 ---p 00000000 00:00 0 
7f69ce702000-7f69ce71c000 r-xp 00000000 08:06 2622131                    /usr/lib/jvm/java-8-oracle/jre/lib/amd64/libzip.so
7f69ce71c000-7f69ce91c000 ---p 0001a000 08:06 2622131                    /usr/lib/jvm/java-8-oracle/jre/lib/amd64/libzip.so
7f69ce91c000-7f69ce91d000 rw-p 0001a000 08:06 2622131                    /usr/lib/jvm/java-8-oracle/jre/lib/amd64/libzip.so
7f69ce91d000-7f69ce928000 r-xp 00000000 08:06 3179021                    /lib/x86_64-linux-gnu/libnss_files-2.19.so
7f69ce928000-7f69ceb27000 ---p 0000b000 08:06 3179021                    /lib/x86_64-linux-gnu/libnss_files-2.19.so
7f69ceb27000-7f69ceb28000 r--p 0000a000 08:06 3179021                    /lib/x86_64-linux-gnu/libnss_files-2.19.so
7f69ceb28000-7f69ceb29000 rw-p 0000b000 08:06 3179021                    /lib/x86_64-linux-gnu/libnss_files-2.19.so
7f69ceb29000-7f69ceb34000 r-xp 00000000 08:06 3179013                    /lib/x86_64-linux-gnu/libnss_nis-2.19.so
7f69ceb34000-7f69ced33000 ---p 0000b000 08:06 3179013                    /lib/x86_64-linux-gnu/libnss_nis-2.19.so
7f69ced33000-7f69ced34000 r--p 0000a000 08:06 3179013                    /lib/x86_64-linux-gnu/libnss_nis-2.19.so
7f69ced34000-7f69ced35000 rw-p 0000b000 08:06 3179013                    /lib/x86_64-linux-gnu/libnss_nis-2.19.so
7f69ced35000-7f69ced4c000 r-xp 00000000 08:06 3179009                    /lib/x86_64-linux-gnu/libnsl-2.19.so
7f69ced4c000-7f69cef4b000 ---p 00017000 08:06 3179009                    /lib/x86_64-linux-gnu/libnsl-2.19.so
7f69cef4b000-7f69cef4c000 r--p 00016000 08:06 3179009                    /lib/x86_64-linux-gnu/libnsl-2.19.so
7f69cef4c000-7f69cef4d000 rw-p 00017000 08:06 3179009                    /lib/x86_64-linux-gnu/libnsl-2.19.so
7f69cef4d000-7f69cef4f000 rw-p 00000000 00:00 0 
7f69cef4f000-7f69cef58000 r-xp 00000000 08:06 3179008                    /lib/x86_64-linux-gnu/libnss_compat-2.19.so
7f69cef58000-7f69cf157000 ---p 00009000 08:06 3179008                    /lib/x86_64-linux-gnu/libnss_compat-2.19.so
7f69cf157000-7f69cf158000 r--p 00008000 08:06 3179008                    /lib/x86_64-linux-gnu/libnss_compat-2.19.so
7f69cf158000-7f69cf159000 rw-p 00009000 08:06 3179008                    /lib/x86_64-linux-gnu/libnss_compat-2.19.so
7f69cf159000-7f69cf183000 r-xp 00000000 08:06 2622142                    /usr/lib/jvm/java-8-oracle/jre/lib/amd64/libjava.so
7f69cf183000-7f69cf383000 ---p 0002a000 08:06 2622142                    /usr/lib/jvm/java-8-oracle/jre/lib/amd64/libjava.so
7f69cf383000-7f69cf385000 rw-p 0002a000 08:06 2622142                    /usr/lib/jvm/java-8-oracle/jre/lib/amd64/libjava.so
7f69cf385000-7f69cf392000 r-xp 00000000 08:06 2622123                    /usr/lib/jvm/java-8-oracle/jre/lib/amd64/libverify.so
7f69cf392000-7f69cf592000 ---p 0000d000 08:06 2622123                    /usr/lib/jvm/java-8-oracle/jre/lib/amd64/libverify.so
7f69cf592000-7f69cf594000 rw-p 0000d000 08:06 2622123                    /usr/lib/jvm/java-8-oracle/jre/lib/amd64/libverify.so
7f69cf594000-7f69cf59b000 r-xp 00000000 08:06 3179017                    /lib/x86_64-linux-gnu/librt-2.19.so
7f69cf59b000-7f69cf79a000 ---p 00007000 08:06 3179017                    /lib/x86_64-linux-gnu/librt-2.19.so
7f69cf79a000-7f69cf79b000 r--p 00006000 08:06 3179017                    /lib/x86_64-linux-gnu/librt-2.19.so
7f69cf79b000-7f69cf79c000 rw-p 00007000 08:06 3179017                    /lib/x86_64-linux-gnu/librt-2.19.so
7f69cf79c000-7f69cf8a1000 r-xp 00000000 08:06 3179003                    /lib/x86_64-linux-gnu/libm-2.19.so
7f69cf8a1000-7f69cfaa0000 ---p 00105000 08:06 3179003                    /lib/x86_64-linux-gnu/libm-2.19.so
7f69cfaa0000-7f69cfaa1000 r--p 00104000 08:06 3179003                    /lib/x86_64-linux-gnu/libm-2.19.so
7f69cfaa1000-7f69cfaa2000 rw-p 00105000 08:06 3179003                    /lib/x86_64-linux-gnu/libm-2.19.so
7f69cfaa2000-7f69d0761000 r-xp 00000000 08:06 2622137                    /usr/lib/jvm/java-8-oracle/jre/lib/amd64/server/libjvm.so
7f69d0761000-7f69d0960000 ---p 00cbf000 08:06 2622137                    /usr/lib/jvm/java-8-oracle/jre/lib/amd64/server/libjvm.so
7f69d0960000-7f69d0a39000 rw-p 00cbe000 08:06 2622137                    /usr/lib/jvm/java-8-oracle/jre/lib/amd64/server/libjvm.so
7f69d0a39000-7f69d0a82000 rw-p 00000000 00:00 0 
7f69d0a82000-7f69d0c3d000 r-xp 00000000 08:06 3179018                    /lib/x86_64-linux-gnu/libc-2.19.so
7f69d0c3d000-7f69d0e3c000 ---p 001bb000 08:06 3179018                    /lib/x86_64-linux-gnu/libc-2.19.so
7f69d0e3c000-7f69d0e40000 r--p 001ba000 08:06 3179018                    /lib/x86_64-linux-gnu/libc-2.19.so
7f69d0e40000-7f69d0e42000 rw-p 001be000 08:06 3179018                    /lib/x86_64-linux-gnu/libc-2.19.so
7f69d0e42000-7f69d0e47000 rw-p 00000000 00:00 0 
7f69d0e47000-7f69d0e4a000 r-xp 00000000 08:06 3179005                    /lib/x86_64-linux-gnu/libdl-2.19.so
7f69d0e4a000-7f69d1049000 ---p 00003000 08:06 3179005                    /lib/x86_64-linux-gnu/libdl-2.19.so
7f69d1049000-7f69d104a000 r--p 00002000 08:06 3179005                    /lib/x86_64-linux-gnu/libdl-2.19.so
7f69d104a000-7f69d104b000 rw-p 00003000 08:06 3179005                    /lib/x86_64-linux-gnu/libdl-2.19.so
7f69d104b000-7f69d1060000 r-xp 00000000 08:06 2622172                    /usr/lib/jvm/java-8-oracle/jre/lib/amd64/jli/libjli.so
7f69d1060000-7f69d1260000 ---p 00015000 08:06 2622172                    /usr/lib/jvm/java-8-oracle/jre/lib/amd64/jli/libjli.so
7f69d1260000-7f69d1261000 rw-p 00015000 08:06 2622172                    /usr/lib/jvm/java-8-oracle/jre/lib/amd64/jli/libjli.so
7f69d1261000-7f69d127a000 r-xp 00000000 08:06 3179010                    /lib/x86_64-linux-gnu/libpthread-2.19.so
7f69d127a000-7f69d1479000 ---p 00019000 08:06 3179010                    /lib/x86_64-linux-gnu/libpthread-2.19.so
7f69d1479000-7f69d147a000 r--p 00018000 08:06 3179010                    /lib/x86_64-linux-gnu/libpthread-2.19.so
7f69d147a000-7f69d147b000 rw-p 00019000 08:06 3179010                    /lib/x86_64-linux-gnu/libpthread-2.19.so
7f69d147b000-7f69d147f000 rw-p 00000000 00:00 0 
7f69d147f000-7f69d14a2000 r-xp 00000000 08:06 3179011                    /lib/x86_64-linux-gnu/ld-2.19.so
7f69d14a2000-7f69d14a3000 r--s 00000000 08:06 2902108                    /var/cache/fontconfig/4794a0821666d79190d59a36cb4f44b5-le64.cache-4
7f69d14a3000-7f69d14a4000 r--s 00000000 08:06 2899193                    /var/cache/fontconfig/56cf4f4769d0f4abc89a4895d7bd3ae1-le64.cache-4
7f69d14a4000-7f69d14a8000 r--s 00000000 08:06 2904201                    /var/cache/fontconfig/7ef2298fde41cc6eeb7af42e48b7d293-le64.cache-4
7f69d14a8000-7f69d157a000 rw-p 00000000 00:00 0 
7f69d157a000-7f69d157d000 ---p 00000000 00:00 0 
7f69d157d000-7f69d167f000 rw-p 00000000 00:00 0                          [stack:27019]
7f69d167f000-7f69d1680000 r--s 00000000 08:06 2899205                    /var/cache/fontconfig/b9d506c9ac06c20b433354fa67a72993-le64.cache-4
7f69d1680000-7f69d1681000 r--s 00000000 08:06 2893146                    /var/cache/fontconfig/1ee5cafbe51fb67d0f91413347c9075c-le64.cache-4
7f69d1681000-7f69d1682000 r--s 00000000 08:06 2899182                    /var/cache/fontconfig/0c9eb80ebd1c36541ebe2852d3bb0c49-le64.cache-4
7f69d1682000-7f69d1686000 r--s 00097000 08:06 2539408                    /usr/lib/jvm/java-8-oracle/jre/lib/jsse.jar
7f69d1686000-7f69d1695000 rw-p 00000000 00:00 0 
7f69d1695000-7f69d169d000 rw-s 00000000 08:06 1456826                    /tmp/hsperfdata_marti/27013
7f69d169d000-7f69d169e000 rw-p 00000000 00:00 0 
7f69d169e000-7f69d169f000 r--p 00000000 00:00 0 
7f69d169f000-7f69d16a1000 rw-p 00000000 00:00 0 
7f69d16a1000-7f69d16a2000 r--p 00022000 08:06 3179011                    /lib/x86_64-linux-gnu/ld-2.19.so
7f69d16a2000-7f69d16a3000 rw-p 00023000 08:06 3179011                    /lib/x86_64-linux-gnu/ld-2.19.so
7f69d16a3000-7f69d16a4000 rw-p 00000000 00:00 0 
7fffb1f1a000-7fffb1f3b000 rw-p 00000000 00:00 0                          [stack]
7fffb1f48000-7fffb1f4a000 r-xp 00000000 00:00 0                          [vdso]
ffffffffff600000-ffffffffff601000 r-xp 00000000 00:00 0                  [vsyscall]

VM Arguments:
jvm_args: -Dfile.encoding=UTF-8 
java_command: store.tests.SellMethodTest
java_class_path (initial): /home/marti/Desktop/java/NBU/ReceiptGenerator/bin:/home/marti/Desktop/java/NBU/ReceiptGenerator/miglayout15-swing.jar:/home/marti/Desktop/java/NBU/ReceiptGenerator/jgoodies-forms-1.8.0.jar
Launcher Type: SUN_STANDARD

Environment Variables:
PATH=/usr/local/sbin:/usr/local/bin:/usr/sbin:/usr/bin:/sbin:/bin:/usr/games:/usr/local/games
SHELL=/bin/bash
DISPLAY=:0

Signal Handlers:
SIGSEGV: [libjvm.so+0xabb070], sa_mask[0]=11111111011111111101111111111110, sa_flags=SA_RESTART|SA_SIGINFO
SIGBUS: [libjvm.so+0xabb070], sa_mask[0]=11111111011111111101111111111110, sa_flags=SA_RESTART|SA_SIGINFO
SIGFPE: [libjvm.so+0x918480], sa_mask[0]=11111111011111111101111111111110, sa_flags=SA_RESTART|SA_SIGINFO
SIGPIPE: [libjvm.so+0x918480], sa_mask[0]=11111111011111111101111111111110, sa_flags=SA_RESTART|SA_SIGINFO
SIGXFSZ: [libjvm.so+0x918480], sa_mask[0]=11111111011111111101111111111110, sa_flags=SA_RESTART|SA_SIGINFO
SIGILL: [libjvm.so+0x918480], sa_mask[0]=11111111011111111101111111111110, sa_flags=SA_RESTART|SA_SIGINFO
SIGUSR1: SIG_DFL, sa_mask[0]=00000000000000000000000000000000, sa_flags=none
SIGUSR2: [libjvm.so+0x919ab0], sa_mask[0]=00100000000000000000000000000000, sa_flags=SA_RESTART|SA_SIGINFO
SIGHUP: [libjvm.so+0x91aeb0], sa_mask[0]=11111111011111111101111111111110, sa_flags=SA_RESTART|SA_SIGINFO
SIGINT: [libjvm.so+0x91aeb0], sa_mask[0]=11111111011111111101111111111110, sa_flags=SA_RESTART|SA_SIGINFO
SIGTERM: [libjvm.so+0x91aeb0], sa_mask[0]=11111111011111111101111111111110, sa_flags=SA_RESTART|SA_SIGINFO
SIGQUIT: [libjvm.so+0x91aeb0], sa_mask[0]=11111111011111111101111111111110, sa_flags=SA_RESTART|SA_SIGINFO


---------------  S Y S T E M  ---------------

OS:DISTRIB_ID=Ubuntu
DISTRIB_RELEASE=14.04
DISTRIB_CODENAME=trusty
DISTRIB_DESCRIPTION="Ubuntu 14.04.4 LTS"

uname:Linux 3.13.0-83-generic #127-Ubuntu SMP Fri Mar 11 00:25:37 UTC 2016 x86_64
libc:glibc 2.19 NPTL 2.19 
rlimit: STACK 8192k, CORE 0k, NPROC 23872, NOFILE 4096, AS infinity
load average:1,49 0,84 0,74

/proc/meminfo:
MemTotal:        3077280 kB
MemFree:         2032984 kB
Buffers:           22252 kB
Cached:           455900 kB
SwapCached:        17644 kB
Active:           527352 kB
Inactive:         321088 kB
Active(anon):     272776 kB
Inactive(anon):   106608 kB
Active(file):     254576 kB
Inactive(file):   214480 kB
Unevictable:          32 kB
Mlocked:              32 kB
SwapTotal:       3139580 kB
SwapFree:        2991252 kB
Dirty:               616 kB
Writeback:             0 kB
AnonPages:        357444 kB
Mapped:            59752 kB
Shmem:              8852 kB
Slab:             121240 kB
SReclaimable:      93548 kB
SUnreclaim:        27692 kB
KernelStack:        1920 kB
PageTables:        10364 kB
NFS_Unstable:          0 kB
Bounce:                0 kB
WritebackTmp:          0 kB
CommitLimit:     4678220 kB
Committed_AS:    1408116 kB
VmallocTotal:   34359738367 kB
VmallocUsed:      308060 kB
VmallocChunk:   34359403516 kB
HardwareCorrupted:     0 kB
AnonHugePages:    210944 kB
HugePages_Total:       0
HugePages_Free:        0
HugePages_Rsvd:        0
HugePages_Surp:        0
Hugepagesize:       2048 kB
DirectMap4k:      277760 kB
DirectMap2M:     2863104 kB


CPU:total 2 (2 cores per cpu, 1 threads per core) family 6 model 15 stepping 13, cmov, cx8, fxsr, mmx, sse, sse2, sse3, ssse3, tsc

/proc/cpuinfo:
processor	: 0
vendor_id	: GenuineIntel
cpu family	: 6
model		: 15
model name	: Intel(R) Core(TM)2 Duo CPU     T5800  @ 2.00GHz
stepping	: 13
microcode	: 0xa3
cpu MHz		: 2000.000
cache size	: 2048 KB
physical id	: 0
siblings	: 2
core id		: 0
cpu cores	: 2
apicid		: 0
initial apicid	: 0
fpu		: yes
fpu_exception	: yes
cpuid level	: 10
wp		: yes
flags		: fpu vme de pse tsc msr pae mce cx8 apic sep mtrr pge mca cmov pat pse36 clflush dts acpi mmx fxsr sse sse2 ss ht tm pbe syscall nx lm constant_tsc arch_perfmon pebs bts rep_good nopl aperfmperf pni dtes64 monitor ds_cpl est tm2 ssse3 cx16 xtpr pdcm lahf_lm dtherm
bogomips	: 3989.89
clflush size	: 64
cache_alignment	: 64
address sizes	: 36 bits physical, 48 bits virtual
power management:

processor	: 1
vendor_id	: GenuineIntel
cpu family	: 6
model		: 15
model name	: Intel(R) Core(TM)2 Duo CPU     T5800  @ 2.00GHz
stepping	: 13
microcode	: 0xa3
cpu MHz		: 2000.000
cache size	: 2048 KB
physical id	: 0
siblings	: 2
core id		: 1
cpu cores	: 2
apicid		: 1
initial apicid	: 1
fpu		: yes
fpu_exception	: yes
cpuid level	: 10
wp		: yes
flags		: fpu vme de pse tsc msr pae mce cx8 apic sep mtrr pge mca cmov pat pse36 clflush dts acpi mmx fxsr sse sse2 ss ht tm pbe syscall nx lm constant_tsc arch_perfmon pebs bts rep_good nopl aperfmperf pni dtes64 monitor ds_cpl est tm2 ssse3 cx16 xtpr pdcm lahf_lm dtherm
bogomips	: 3989.89
clflush size	: 64
cache_alignment	: 64
address sizes	: 36 bits physical, 48 bits virtual
power management:



Memory: 4k page, physical 3077280k(2032984k free), swap 3139580k(2991252k free)

vm_info: Java HotSpot(TM) 64-Bit Server VM (25.77-b03) for linux-amd64 JRE (1.8.0_77-b03), built on Mar 20 2016 22:00:46 by "java_re" with gcc 4.3.0 20080428 (Red Hat 4.3.0-8)

time: Wed Apr  6 00:29:32 2016
elapsed time: 15397 seconds (0d 4h 16m 37s)

