#
# A fatal error has been detected by the Java Runtime Environment:
#
#  SIGSEGV (0xb) at pc=0x00007f2cade75550, pid=12695, tid=139829449692928
#
# JRE version: Java(TM) SE Runtime Environment (8.0_77-b03) (build 1.8.0_77-b03)
# Java VM: Java HotSpot(TM) 64-Bit Server VM (25.77-b03 mixed mode linux-amd64 compressed oops)
# Problematic frame:
# V  [libjvm.so+0x8a6550]  Method::checked_resolve_jmethod_id(_jmethodID*)+0x20
#
# Failed to write core dump. Core dumps have been disabled. To enable core dumping, try "ulimit -c unlimited" before starting Java again
#
# If you would like to submit a bug report, please visit:
#   http://bugreport.java.com/bugreport/crash.jsp
#

---------------  T H R E A D  ---------------

Current thread (0x00007f2ca80c1800):  JavaThread "JDWP Transport Listener: dt_socket" daemon [_thread_in_vm, id=12711, stack(0x00007f2c949d9000,0x00007f2c94ada000)]

siginfo: si_signo: 11 (SIGSEGV), si_code: 128 (SI_KERNEL), si_addr: 0x0000000000000000

Registers:
RAX=0x0000000000000001, RBX=0x00007f2ca8003590, RCX=0x00007f2caefa7320, RDX=0x00007f2cae584640
RSP=0x00007f2c94ad8990, RBP=0x00007f2c94ad89a0, RSI=0x00007f2ca80c1800, RDI=0x4c003b00003b7200
R8 =0x0000000000000000, R9 =0x00007f2c7c004010, R10=0x6569687361432f72, R11=0x00007f2cae735e70
R12=0x0000000000000017, R13=0x4c003b00003b7200, R14=0x00007f2ca80c1800, R15=0x00007f2c94ad8aa7
RIP=0x00007f2cade75550, EFLAGS=0x0000000000010206, CSGSFS=0x0000000000000033, ERR=0x0000000000000000
  TRAPNO=0x000000000000000d

Top of Stack: (sp=0x00007f2c94ad8990)
0x00007f2c94ad8990:   0000000000000074 00007f2ca8003590
0x00007f2c94ad89a0:   00007f2c94ad8a10 00007f2cadd05cae
0x00007f2c94ad89b0:   0000000000000073 00007f2c94ad89c0
0x00007f2c94ad89c0:   00007f2ca80c1800 0000000000000000
0x00007f2c94ad89d0:   00007f2c00000000 0000000000000000
0x00007f2c94ad89e0:   00007f2c94ad8a00 00007f2cacc85e40
0x00007f2c94ad89f0:   4c003b00003b7200 00007f2c94ad8aa7
0x00007f2c94ad8a00:   0000000000000005 00007f2c94ad8aa7
0x00007f2c94ad8a10:   00007f2c94ad8a40 00007f2caca718c2
0x00007f2c94ad8a20:   00007f2c94ad8a40 4c003b00003b7200
0x00007f2c94ad8a30:   00007f2c94ad8b10 0000000000000028
0x00007f2c94ad8a40:   00007f2c94ad8ad0 00007f2caca52aa0
0x00007f2c94ad8a50:   00007f2c94ad8a88 00007f2c94ad8a80
0x00007f2c94ad8a60:   00007f2c94ad8a78 00007f2c94ad8a9c
0x00007f2c94ad8a70:   000000017c002fc0 0000000000000000
0x00007f2c94ad8a80:   0000000000000000 0000000000000000
0x00007f2c94ad8a90:   00007f2c7c00acf0 0000000994ad8b10
0x00007f2c94ad8aa0:   0000000000000006 0000000000000002
0x00007f2c94ad8ab0:   000000000000000f 0000000000000002
0x00007f2c94ad8ac0:   00000000000f0200 000000000000000f
0x00007f2c94ad8ad0:   00007f2c94ad8d20 00007f2caca5d9c6
0x00007f2c94ad8ae0:   0000019f00000013 00007f2cad0f0200
0x00007f2c94ad8af0:   00007f2c74000ba0 0000000000000000
0x00007f2c94ad8b00:   00007f2c94ad8b10 00007f2c94ad8ca0
0x00007f2c94ad8b10:   00007f2c7c00c7b5 00007f2c00000163
0x00007f2c94ad8b20:   00007f2c7c007830 000000000000012c
0x00007f2c94ad8b30:   00007f2c94ad8b60 00007f2c7c007830
0x00007f2c94ad8b40:   00007f0000000000 0000019f0000059a
0x00007f2c94ad8b50:   00007f2c00008c80 0000000000000000
0x00007f2c94ad8b60:   2c7f000006000000 060000006040007c
0x00007f2c94ad8b70:   00003e74696e693c 0000005629280300
0x00007f2c94ad8b80:   7f00000100000000 000000e83f007c2c 

Instructions: (pc=0x00007f2cade75550)
0x00007f2cade75530:   55 48 89 e5 53 48 83 ec 08 48 85 ff 75 12 31 db
0x00007f2cade75540:   48 89 d8 48 83 c4 08 5b c9 c3 66 0f 1f 44 00 00
0x00007f2cade75550:   48 8b 1f 48 85 db 74 e6 48 83 fb 37 74 e0 48 8b
0x00007f2cade75560:   03 48 89 df ff 50 10 84 c0 0f 1f 80 00 00 00 00 

Register to memory mapping:

RAX=0x0000000000000001 is an unknown value
RBX=0x00007f2ca8003590 is an unknown value
RCX=0x00007f2caefa7320: <offset 0x219320> in /lib/x86_64-linux-gnu/libpthread.so.0 at 0x00007f2caed8e000
RDX=0x00007f2cae584640: <offset 0xfb5640> in /usr/lib/jvm/java-8-oracle/jre/lib/amd64/server/libjvm.so at 0x00007f2cad5cf000
RSP=0x00007f2c94ad8990 is pointing into the stack for thread: 0x00007f2ca80c1800
RBP=0x00007f2c94ad89a0 is pointing into the stack for thread: 0x00007f2ca80c1800
RSI=0x00007f2ca80c1800 is a thread
RDI=0x4c003b00003b7200 is an unknown value
R8 =0x0000000000000000 is an unknown value
R9 =0x00007f2c7c004010 is an unknown value
R10=0x6569687361432f72 is an unknown value
R11=0x00007f2cae735e70: <offset 0x186e70> in /lib/x86_64-linux-gnu/libc.so.6 at 0x00007f2cae5af000
R12=0x0000000000000017 is an unknown value
R13=0x4c003b00003b7200 is an unknown value
R14=0x00007f2ca80c1800 is a thread
R15=0x00007f2c94ad8aa7 is pointing into the stack for thread: 0x00007f2ca80c1800


Stack: [0x00007f2c949d9000,0x00007f2c94ada000],  sp=0x00007f2c94ad8990,  free space=1022k
Native frames: (J=compiled Java code, j=interpreted, Vv=VM code, C=native code)
V  [libjvm.so+0x8a6550]  Method::checked_resolve_jmethod_id(_jmethodID*)+0x20
V  [libjvm.so+0x736cae]  jvmti_IsMethodSynthetic+0x2be
C  [libjdwp.so+0x258c2]  isMethodSynthetic+0x42
C  [libjdwp.so+0x6aa0]  methods1+0x1b0
C  [libjdwp.so+0x119c6]  debugLoop_run+0x2b6
C  [libjdwp.so+0x247ff]  attachThread+0x2f
V  [libjvm.so+0x7a3432]  JvmtiAgentThread::call_start_function()+0xc2
V  [libjvm.so+0xa69dcf]  JavaThread::thread_main_inner()+0xdf
V  [libjvm.so+0xa69efc]  JavaThread::run()+0x11c
V  [libjvm.so+0x91d9d8]  java_start(Thread*)+0x108
C  [libpthread.so.0+0x8182]  start_thread+0xc2


---------------  P R O C E S S  ---------------

Java Threads: ( => current thread )
  0x00007f2ca800d000 JavaThread "DestroyJavaVM" [_thread_blocked, id=12698, stack(0x00007f2caf0a7000,0x00007f2caf1a8000)]
  0x00007f2ca81c9000 JavaThread "AWT-EventQueue-0" [_thread_blocked, id=12726, stack(0x00007f2c5e055000,0x00007f2c5e156000)]
  0x00007f2ca81c7800 JavaThread "AWT-Shutdown" [_thread_blocked, id=12725, stack(0x00007f2c5e156000,0x00007f2c5e257000)]
  0x00007f2ca81c3000 JavaThread "AWT-XAWT" daemon [_thread_in_native, id=12724, stack(0x00007f2c5e257000,0x00007f2c5e358000)]
  0x00007f2ca81a2800 JavaThread "Java2D Disposer" daemon [_thread_blocked, id=12723, stack(0x00007f2c94000000,0x00007f2c94101000)]
  0x00007f2ca80cd800 JavaThread "Service Thread" daemon [_thread_blocked, id=12719, stack(0x00007f2c944d4000,0x00007f2c945d5000)]
  0x00007f2ca80ca000 JavaThread "C1 CompilerThread1" daemon [_thread_blocked, id=12718, stack(0x00007f2c945d5000,0x00007f2c946d6000)]
  0x00007f2ca80c7800 JavaThread "C2 CompilerThread0" daemon [_thread_blocked, id=12717, stack(0x00007f2c946d6000,0x00007f2c947d7000)]
  0x00007f2c7c001000 JavaThread "JDWP Command Reader" daemon [_thread_in_native, id=12715, stack(0x00007f2c947d7000,0x00007f2c948d8000)]
  0x00007f2ca80c5000 JavaThread "JDWP Event Helper Thread" daemon [_thread_blocked, id=12714, stack(0x00007f2c948d8000,0x00007f2c949d9000)]
=>0x00007f2ca80c1800 JavaThread "JDWP Transport Listener: dt_socket" daemon [_thread_in_vm, id=12711, stack(0x00007f2c949d9000,0x00007f2c94ada000)]
  0x00007f2ca80b5000 JavaThread "Signal Dispatcher" daemon [_thread_blocked, id=12709, stack(0x00007f2c94cde000,0x00007f2c94ddf000)]
  0x00007f2ca8083000 JavaThread "Finalizer" daemon [_thread_blocked, id=12708, stack(0x00007f2c94ddf000,0x00007f2c94ee0000)]
  0x00007f2ca807e800 JavaThread "Reference Handler" daemon [_thread_blocked, id=12707, stack(0x00007f2c94ee0000,0x00007f2c94fe1000)]

Other Threads:
  0x00007f2ca8076800 VMThread [stack: 0x00007f2c94fe1000,0x00007f2c950e2000] [id=12706]
  0x00007f2ca80d0800 WatcherThread [stack: 0x00007f2c943d3000,0x00007f2c944d4000] [id=12720]

VM state:not at safepoint (normal execution)

VM Mutex/Monitor currently owned by a thread: None

Heap:
 PSYoungGen      total 14336K, used 10506K [0x00000000f0580000, 0x00000000f1580000, 0x0000000100000000)
  eden space 12288K, 85% used [0x00000000f0580000,0x00000000f0fc2ba8,0x00000000f1180000)
  from space 2048K, 0% used [0x00000000f1380000,0x00000000f1380000,0x00000000f1580000)
  to   space 2048K, 0% used [0x00000000f1180000,0x00000000f1180000,0x00000000f1380000)
 ParOldGen       total 32768K, used 0K [0x00000000d1000000, 0x00000000d3000000, 0x00000000f0580000)
  object space 32768K, 0% used [0x00000000d1000000,0x00000000d1000000,0x00000000d3000000)
 Metaspace       used 12067K, capacity 12240K, committed 12544K, reserved 1060864K
  class space    used 1405K, capacity 1476K, committed 1536K, reserved 1048576K

Card table byte_map: [0x00007f2c98070000,0x00007f2c981e9000] byte_map_base: 0x00007f2c979e8000

Marking Bits: (ParMarkBitMap*) 0x00007f2cae584100
 Begin Bits: [0x00007f2c965f3000, 0x00007f2c971b3000)
 End Bits:   [0x00007f2c971b3000, 0x00007f2c97d73000)

Polling page: 0x00007f2caf1cb000

CodeCache: size=245760Kb used=2657Kb max_used=2668Kb free=243103Kb
 bounds [0x00007f2c985a9000, 0x00007f2c98849000, 0x00007f2ca75a9000]
 total_blobs=1189 nmethods=659 adapters=454
 compilation: enabled

Compilation events (10 events):
Event: 4,429 Thread 0x00007f2ca80ca000  654       1       java.util.LinkedList::size (5 bytes)
Event: 4,430 Thread 0x00007f2ca80ca000 nmethod 654 0x00007f2c9883d2d0 code [0x00007f2c9883d420, 0x00007f2c9883d530]
Event: 4,590 Thread 0x00007f2ca80ca000  655   !   3       sun.awt.X11.XToolkit::callTimeoutTasks (220 bytes)
Event: 4,593 Thread 0x00007f2ca80ca000 nmethod 655 0x00007f2c9883d590 code [0x00007f2c9883d940, 0x00007f2c9883f7f8]
Event: 7,420 Thread 0x00007f2ca80ca000  656       3       java.util.Arrays::copyOf (13 bytes)
Event: 7,420 Thread 0x00007f2ca80ca000 nmethod 656 0x00007f2c98840390 code [0x00007f2c98840500, 0x00007f2c98840728]
Event: 53,964 Thread 0x00007f2ca80ca000  657   !   3       sun.awt.X11.XToolkit::getNextTaskTime (55 bytes)
Event: 53,966 Thread 0x00007f2ca80ca000 nmethod 657 0x00007f2c98840b90 code [0x00007f2c98840dc0, 0x00007f2c98841b38]
Event: 103,037 Thread 0x00007f2ca80c7800  659       4       sun.util.logging.PlatformLogger$DefaultLoggerProxy::isLoggable (29 bytes)
Event: 103,040 Thread 0x00007f2ca80c7800 nmethod 659 0x00007f2c98844e90 code [0x00007f2c98844fe0, 0x00007f2c98845178]

GC Heap History (0 events):
No events

Deoptimization events (2 events):
Event: 1,125 Thread 0x00007f2ca81c9000 Uncommon trap: reason=null_check action=make_not_entrant pc=0x00007f2c987241f8 method=java.lang.String.equals(Ljava/lang/Object;)Z @ 8
Event: 4,333 Thread 0x00007f2ca81c9000 Uncommon trap: reason=unstable_if action=reinterpret pc=0x00007f2c98793fe8 method=java.lang.String.replace(CC)Ljava/lang/String; @ 26

Internal exceptions (10 events):
Event: 1,451 Thread 0x00007f2ca81c9000 Exception <a 'java/io/FileNotFoundException'> (0x00000000f0befe38) thrown at [/HUDSON/workspace/8-2-build-linux-amd64/jdk8u77/6540/hotspot/src/share/vm/prims/jni.cpp, line 709]
Event: 1,451 Thread 0x00007f2ca81c9000 Exception <a 'java/io/FileNotFoundException'> (0x00000000f0bf1120) thrown at [/HUDSON/workspace/8-2-build-linux-amd64/jdk8u77/6540/hotspot/src/share/vm/prims/jni.cpp, line 709]
Event: 1,451 Thread 0x00007f2ca81c9000 Exception <a 'java/io/FileNotFoundException'> (0x00000000f0bf2468) thrown at [/HUDSON/workspace/8-2-build-linux-amd64/jdk8u77/6540/hotspot/src/share/vm/prims/jni.cpp, line 709]
Event: 1,453 Thread 0x00007f2ca81c9000 Exception <a 'java/io/FileNotFoundException'> (0x00000000f0bf8ca8) thrown at [/HUDSON/workspace/8-2-build-linux-amd64/jdk8u77/6540/hotspot/src/share/vm/prims/jni.cpp, line 709]
Event: 1,453 Thread 0x00007f2ca81c9000 Exception <a 'java/io/FileNotFoundException'> (0x00000000f0bfa028) thrown at [/HUDSON/workspace/8-2-build-linux-amd64/jdk8u77/6540/hotspot/src/share/vm/prims/jni.cpp, line 709]
Event: 1,453 Thread 0x00007f2ca81c9000 Exception <a 'java/io/FileNotFoundException'> (0x00000000f0bfb398) thrown at [/HUDSON/workspace/8-2-build-linux-amd64/jdk8u77/6540/hotspot/src/share/vm/prims/jni.cpp, line 709]
Event: 1,453 Thread 0x00007f2ca81c9000 Exception <a 'java/io/FileNotFoundException'> (0x00000000f0bfc6d8) thrown at [/HUDSON/workspace/8-2-build-linux-amd64/jdk8u77/6540/hotspot/src/share/vm/prims/jni.cpp, line 709]
Event: 1,454 Thread 0x00007f2ca81c9000 Exception <a 'java/io/FileNotFoundException'> (0x00000000f0c02b98) thrown at [/HUDSON/workspace/8-2-build-linux-amd64/jdk8u77/6540/hotspot/src/share/vm/prims/jni.cpp, line 709]
Event: 1,455 Thread 0x00007f2ca81c9000 Exception <a 'java/io/FileNotFoundException'> (0x00000000f0c07630) thrown at [/HUDSON/workspace/8-2-build-linux-amd64/jdk8u77/6540/hotspot/src/share/vm/prims/jni.cpp, line 709]
Event: 1,924 Thread 0x00007f2ca81c9000 Exception <a 'java/lang/UnsupportedOperationException': > (0x00000000f0f3a6b8) thrown at [/HUDSON/workspace/8-2-build-linux-amd64/jdk8u77/6540/hotspot/src/share/vm/prims/jni.cpp, line 735]

Events (10 events):
Event: 11,379 Executing VM operation: GetOrSetLocal
Event: 11,379 Executing VM operation: GetOrSetLocal done
Event: 11,380 Executing VM operation: GetOrSetLocal
Event: 11,380 Executing VM operation: GetOrSetLocal done
Event: 11,381 Executing VM operation: GetOrSetLocal
Event: 11,381 Executing VM operation: GetOrSetLocal done
Event: 25,739 Executing VM operation: ChangeBreakpoints
Event: 25,740 Executing VM operation: ChangeBreakpoints done
Event: 643,374 Executing VM operation: RedefineClasses
Event: 643,381 Executing VM operation: RedefineClasses done


Dynamic libraries:
00400000-00401000 r-xp 00000000 08:06 2536843                            /usr/lib/jvm/java-8-oracle/jre/bin/java
00600000-00601000 rw-p 00000000 08:06 2536843                            /usr/lib/jvm/java-8-oracle/jre/bin/java
0064a000-00691000 rw-p 00000000 00:00 0                                  [heap]
d1000000-d3000000 rw-p 00000000 00:00 0 
d3000000-f0580000 ---p 00000000 00:00 0 
f0580000-f1580000 rw-p 00000000 00:00 0 
f1580000-100000000 ---p 00000000 00:00 0 
100000000-100180000 rw-p 00000000 00:00 0 
100180000-140000000 ---p 00000000 00:00 0 
7f2c58000000-7f2c58021000 rw-p 00000000 00:00 0 
7f2c58021000-7f2c5c000000 ---p 00000000 00:00 0 
7f2c5cd39000-7f2c5cdf9000 rw-p 00000000 00:00 0 
7f2c5cdf9000-7f2c5cf39000 ---p 00000000 00:00 0 
7f2c5cf39000-7f2c5cf3a000 r--s 00000000 08:06 2899206                    /var/cache/fontconfig/c05880de57d1f5e948fdfacc138775d9-le64.cache-4
7f2c5cf3a000-7f2c5cf45000 r--s 00000000 08:06 2899200                    /var/cache/fontconfig/945677eb7aeaf62f1d50efc3fb3ec7d8-le64.cache-4
7f2c5cf45000-7f2c5cf4b000 r--s 00000000 08:06 2899186                    /var/cache/fontconfig/2cd17615ca594fa2959ae173292e504c-le64.cache-4
7f2c5cf4b000-7f2c5cf4c000 r--s 00000000 08:06 2899216                    /var/cache/fontconfig/e7071f4a29fa870f4323321c154eba04-le64.cache-4
7f2c5cf4c000-7f2c5cf4d000 r--s 00000000 08:06 2899183                    /var/cache/fontconfig/0d8c3b2ac0904cb8a57a757ad11a4a08-le64.cache-4
7f2c5cf4d000-7f2c5cf54000 r--s 00000000 08:06 2899203                    /var/cache/fontconfig/a755afe4a08bf5b97852ceb7400b47bc-le64.cache-4
7f2c5cf54000-7f2c5cf58000 r--s 00000000 08:06 2903995                    /var/cache/fontconfig/6d41288fd70b0be22e8c3a91e032eec0-le64.cache-4
7f2c5cf58000-7f2c5cf6c000 r--s 00000000 08:06 2899181                    /var/cache/fontconfig/04aabc0a78ac019cf9454389977116d2-le64.cache-4
7f2c5cf6c000-7f2c5cf6d000 r--s 00000000 08:06 2899185                    /var/cache/fontconfig/1ac9eb803944fde146138c791f5cc56a-le64.cache-4
7f2c5cf6d000-7f2c5cf71000 r--s 00000000 08:06 2899189                    /var/cache/fontconfig/385c0604a188198f04d133e54aba7fe7-le64.cache-4
7f2c5cf71000-7f2c5cf76000 r--s 00000000 08:06 2899199                    /var/cache/fontconfig/8801497958630a81b71ace7c5f9b32a8-le64.cache-4
7f2c5cf76000-7f2c5cfb1000 r--s 00000000 08:06 2894190                    /var/cache/fontconfig/365b55f210c0a22e9a19e35191240f32-le64.cache-4
7f2c5cfb1000-7f2c5cfb8000 r--s 00000000 08:06 2899187                    /var/cache/fontconfig/3047814df9a2f067bd2d96a2b9c36e5a-le64.cache-4
7f2c5cfb8000-7f2c5cfbe000 r--s 00000000 08:06 2899204                    /var/cache/fontconfig/b47c4e1ecd0709278f4910c18777a504-le64.cache-4
7f2c5cfbe000-7f2c5cfd1000 r--s 00000000 08:06 2899210                    /var/cache/fontconfig/d52a8644073d54c13679302ca1180695-le64.cache-4
7f2c5d0e6000-7f2c5d0e9000 rw-p 00000000 00:00 0 
7f2c5d0e9000-7f2c5d13d000 rw-s 00000000 00:04 2588688                    /SYSV00000000 (deleted)
7f2c5d13d000-7f2c5d1a6000 r-xp 00000000 08:06 2622121                    /usr/lib/jvm/java-8-oracle/jre/lib/amd64/libt2k.so
7f2c5d1a6000-7f2c5d3a6000 ---p 00069000 08:06 2622121                    /usr/lib/jvm/java-8-oracle/jre/lib/amd64/libt2k.so
7f2c5d3a6000-7f2c5d3ad000 rw-p 00069000 08:06 2622121                    /usr/lib/jvm/java-8-oracle/jre/lib/amd64/libt2k.so
7f2c5d3ad000-7f2c5d3bd000 rw-p 00000000 00:00 0 
7f2c5d3bd000-7f2c5d3d7000 r--s 00000000 08:06 3540503                    /usr/share/fonts/type1/gsfonts/c059013l.pfb
7f2c5d3d7000-7f2c5d3f2000 r--s 00000000 08:06 3540569                    /usr/share/fonts/type1/gsfonts/p052004l.pfb
7f2c5d3f2000-7f2c5d405000 r--s 00000000 08:06 3540539                    /usr/share/fonts/type1/gsfonts/n019064l.pfb
7f2c5d405000-7f2c5d420000 r--s 00000000 08:06 3540506                    /usr/share/fonts/type1/gsfonts/c059016l.pfb
7f2c5d420000-7f2c5d439000 r--s 00000000 08:06 3540557                    /usr/share/fonts/type1/gsfonts/n022004l.pfb
7f2c5d439000-7f2c5d451000 r--s 00000000 08:06 3540554                    /usr/share/fonts/type1/gsfonts/n022003l.pfb
7f2c5d451000-7f2c5d45b000 r--s 00000000 08:06 3411038                    /usr/share/fonts/X11/Type1/c0582bt_.pfb
7f2c5d45b000-7f2c5d465000 r--s 00000000 08:06 3411036                    /usr/share/fonts/X11/Type1/c0419bt_.pfb
7f2c5d465000-7f2c5d47d000 r--s 00000000 08:06 3540512                    /usr/share/fonts/type1/gsfonts/c059036l.pfb
7f2c5d47d000-7f2c5d498000 r--s 00000000 08:06 3540572                    /usr/share/fonts/type1/gsfonts/p052023l.pfb
7f2c5d498000-7f2c5d4ac000 r--s 00000000 08:06 3540518                    /usr/share/fonts/type1/gsfonts/n019003l.pfb
7f2c5d4ac000-7f2c5d4b6000 r--s 00000000 08:06 3411040                    /usr/share/fonts/X11/Type1/c0583bt_.pfb
7f2c5d4b6000-7f2c5d4c8000 r--s 00000000 08:06 3540530                    /usr/share/fonts/type1/gsfonts/n019043l.pfb
7f2c5d4c8000-7f2c5d4e4000 r--s 00000000 08:06 3540575                    /usr/share/fonts/type1/gsfonts/p052024l.pfb
7f2c5d4e4000-7f2c5d4fa000 r--s 00000000 08:06 3540560                    /usr/share/fonts/type1/gsfonts/n022023l.pfb
7f2c5d4fa000-7f2c5d513000 r--s 00000000 08:06 3540542                    /usr/share/fonts/type1/gsfonts/n021003l.pfb
7f2c5d513000-7f2c5d51c000 r--s 00000000 08:06 3411048                    /usr/share/fonts/X11/Type1/c0648bt_.pfb
7f2c5d51c000-7f2c5d526000 r--s 00000000 08:06 3540584                    /usr/share/fonts/type1/mathml/Symbol.pfb
7f2c5d526000-7f2c5d538000 r--s 00000000 08:06 3540521                    /usr/share/fonts/type1/gsfonts/n019004l.pfb
7f2c5d538000-7f2c5d553000 r--s 00000000 08:06 3540566                    /usr/share/fonts/type1/gsfonts/p052003l.pfb
7f2c5d553000-7f2c5d55d000 r--s 00000000 08:06 3411042                    /usr/share/fonts/X11/Type1/c0611bt_.pfb
7f2c5d55d000-7f2c5d56e000 r--s 00000000 08:06 3540536                    /usr/share/fonts/type1/gsfonts/n019063l.pfb
7f2c5d56e000-7f2c5d57f000 r--s 00000000 08:06 3540488                    /usr/share/fonts/type1/gsfonts/a010035l.pfb
7f2c5d57f000-7f2c5d594000 r--s 00000000 08:06 3540497                    /usr/share/fonts/type1/gsfonts/b018032l.pfb
7f2c5d594000-7f2c5d5ad000 r--s 00000000 08:06 3540491                    /usr/share/fonts/type1/gsfonts/b018012l.pfb
7f2c5d5ad000-7f2c5d5c3000 r--s 00000000 08:06 3540551                    /usr/share/fonts/type1/gsfonts/n021024l.pfb
7f2c5d5c3000-7f2c5d5d5000 r--s 00000000 08:06 3540533                    /usr/share/fonts/type1/gsfonts/n019044l.pfb
7f2c5d5d5000-7f2c5d5e5000 r--s 00000000 08:06 3540479                    /usr/share/fonts/type1/gsfonts/a010013l.pfb
7f2c5d5e5000-7f2c5d5ee000 r--s 00000000 08:06 3411046                    /usr/share/fonts/X11/Type1/c0633bt_.pfb
7f2c5d5ee000-7f2c5d605000 r--s 00000000 08:06 3540581                    /usr/share/fonts/type1/gsfonts/z003034l.pfb
7f2c5d605000-7f2c5d61d000 r--s 00000000 08:06 3540509                    /usr/share/fonts/type1/gsfonts/c059033l.pfb
7f2c5d61d000-7f2c5d634000 r--s 00000000 08:06 3540548                    /usr/share/fonts/type1/gsfonts/n021023l.pfb
7f2c5d634000-7f2c5d640000 r--s 00000000 08:06 3540515                    /usr/share/fonts/type1/gsfonts/d050000l.pfb
7f2c5d640000-7f2c5d649000 r--s 00000000 08:06 3411050                    /usr/share/fonts/X11/Type1/c0649bt_.pfb
7f2c5d649000-7f2c5d652000 r--s 00000000 08:06 3540578                    /usr/share/fonts/type1/gsfonts/s050000l.pfb
7f2c5d652000-7f2c5d663000 r--s 00000000 08:06 3540524                    /usr/share/fonts/type1/gsfonts/n019023l.pfb
7f2c5d663000-7f2c5d67c000 r--s 00000000 08:06 3540545                    /usr/share/fonts/type1/gsfonts/n021004l.pfb
7f2c5d67c000-7f2c5d68d000 r--s 00000000 08:06 3540527                    /usr/share/fonts/type1/gsfonts/n019024l.pfb
7f2c5d68d000-7f2c5d69d000 r--s 00000000 08:06 3540482                    /usr/share/fonts/type1/gsfonts/a010015l.pfb
7f2c5d69d000-7f2c5d6a6000 r--s 00000000 08:06 3411044                    /usr/share/fonts/X11/Type1/c0632bt_.pfb
7f2c5d6a6000-7f2c5d6b6000 r--s 00000000 08:06 3540485                    /usr/share/fonts/type1/gsfonts/a010033l.pfb
7f2c5d6b6000-7f2c5d6c9000 r--s 00000000 08:06 3540494                    /usr/share/fonts/type1/gsfonts/b018015l.pfb
7f2c5d6c9000-7f2c5d6db000 r--s 00000000 08:06 3540500                    /usr/share/fonts/type1/gsfonts/b018035l.pfb
7f2c5d6db000-7f2c5d6f1000 r--s 00000000 08:06 3540563                    /usr/share/fonts/type1/gsfonts/n022024l.pfb
7f2c5d6f1000-7f2c5d702000 r-xp 00000000 08:06 2622117                    /usr/lib/jvm/java-8-oracle/jre/lib/amd64/libnio.so
7f2c5d702000-7f2c5d901000 ---p 00011000 08:06 2622117                    /usr/lib/jvm/java-8-oracle/jre/lib/amd64/libnio.so
7f2c5d901000-7f2c5d902000 rw-p 00010000 08:06 2622117                    /usr/lib/jvm/java-8-oracle/jre/lib/amd64/libnio.so
7f2c5d902000-7f2c5d918000 r-xp 00000000 08:06 2622175                    /usr/lib/jvm/java-8-oracle/jre/lib/amd64/libnet.so
7f2c5d918000-7f2c5db18000 ---p 00016000 08:06 2622175                    /usr/lib/jvm/java-8-oracle/jre/lib/amd64/libnet.so
7f2c5db18000-7f2c5db19000 rw-p 00016000 08:06 2622175                    /usr/lib/jvm/java-8-oracle/jre/lib/amd64/libnet.so
7f2c5db19000-7f2c5dd19000 rw-p 00000000 00:00 0 
7f2c5dd19000-7f2c5dd53000 r-xp 00000000 08:06 2622169                    /usr/lib/jvm/java-8-oracle/jre/lib/amd64/libjpeg.so
7f2c5dd53000-7f2c5df53000 ---p 0003a000 08:06 2622169                    /usr/lib/jvm/java-8-oracle/jre/lib/amd64/libjpeg.so
7f2c5df53000-7f2c5df54000 rw-p 0003a000 08:06 2622169                    /usr/lib/jvm/java-8-oracle/jre/lib/amd64/libjpeg.so
7f2c5df54000-7f2c5df57000 ---p 00000000 00:00 0 
7f2c5df57000-7f2c5e055000 rw-p 00000000 00:00 0 
7f2c5e055000-7f2c5e058000 ---p 00000000 00:00 0 
7f2c5e058000-7f2c5e156000 rw-p 00000000 00:00 0                          [stack:12726]
7f2c5e156000-7f2c5e159000 ---p 00000000 00:00 0 
7f2c5e159000-7f2c5e257000 rw-p 00000000 00:00 0                          [stack:12725]
7f2c5e257000-7f2c5e25a000 ---p 00000000 00:00 0 
7f2c5e25a000-7f2c5e358000 rw-p 00000000 00:00 0                          [stack:12724]
7f2c5e358000-7f2c5e35d000 r-xp 00000000 08:06 2507823                    /usr/lib/x86_64-linux-gnu/libXfixes.so.3.1.0
7f2c5e35d000-7f2c5e55c000 ---p 00005000 08:06 2507823                    /usr/lib/x86_64-linux-gnu/libXfixes.so.3.1.0
7f2c5e55c000-7f2c5e55d000 r--p 00004000 08:06 2507823                    /usr/lib/x86_64-linux-gnu/libXfixes.so.3.1.0
7f2c5e55d000-7f2c5e55e000 rw-p 00005000 08:06 2507823                    /usr/lib/x86_64-linux-gnu/libXfixes.so.3.1.0
7f2c5e55e000-7f2c5e567000 r-xp 00000000 08:06 2499608                    /usr/lib/x86_64-linux-gnu/libXcursor.so.1.0.2
7f2c5e567000-7f2c5e766000 ---p 00009000 08:06 2499608                    /usr/lib/x86_64-linux-gnu/libXcursor.so.1.0.2
7f2c5e766000-7f2c5e767000 r--p 00008000 08:06 2499608                    /usr/lib/x86_64-linux-gnu/libXcursor.so.1.0.2
7f2c5e767000-7f2c5e768000 rw-p 00009000 08:06 2499608                    /usr/lib/x86_64-linux-gnu/libXcursor.so.1.0.2
7f2c5e768000-7f2c5e769000 r--s 00000000 08:06 2899213                    /var/cache/fontconfig/dc05db6664285cc2f12bf69c139ae4c3-le64.cache-4
7f2c5e769000-7f2c5e76b000 r--s 00000000 08:06 2899197                    /var/cache/fontconfig/767a8244fc0220cfb567a839d0392e0b-le64.cache-4
7f2c5e76b000-7f2c5e774000 r--s 00000000 08:06 2892931                    /var/cache/fontconfig/3f7329c5293ffd510edef78f73874cfd-le64.cache-4
7f2c5e774000-7f2c5e77f000 r--s 00000000 08:06 2898876                    /var/cache/fontconfig/d589a48862398ed80a3d6066f4f56f4c-le64.cache-4
7f2c5e77f000-7f2c5e788000 r--s 00000000 08:06 2894189                    /var/cache/fontconfig/d0972c3d32f097851eb916381fc38920-le64.cache-4
7f2c5e788000-7f2c5e79e000 r-xp 00000000 08:06 3149878                    /lib/x86_64-linux-gnu/libgcc_s.so.1
7f2c5e79e000-7f2c5e99d000 ---p 00016000 08:06 3149878                    /lib/x86_64-linux-gnu/libgcc_s.so.1
7f2c5e99d000-7f2c5e99e000 rw-p 00015000 08:06 3149878                    /lib/x86_64-linux-gnu/libgcc_s.so.1
7f2c5e99e000-7f2c5ea03000 r-xp 00000000 08:06 2622166                    /usr/lib/jvm/java-8-oracle/jre/lib/amd64/libfontmanager.so
7f2c5ea03000-7f2c5ec02000 ---p 00065000 08:06 2622166                    /usr/lib/jvm/java-8-oracle/jre/lib/amd64/libfontmanager.so
7f2c5ec02000-7f2c5ec07000 rw-p 00064000 08:06 2622166                    /usr/lib/jvm/java-8-oracle/jre/lib/amd64/libfontmanager.so
7f2c5ec07000-7f2c5ec17000 rw-p 00000000 00:00 0 
7f2c5ec17000-7f2c5ec1c000 r-xp 00000000 08:06 2499612                    /usr/lib/x86_64-linux-gnu/libXdmcp.so.6.0.0
7f2c5ec1c000-7f2c5ee1b000 ---p 00005000 08:06 2499612                    /usr/lib/x86_64-linux-gnu/libXdmcp.so.6.0.0
7f2c5ee1b000-7f2c5ee1c000 r--p 00004000 08:06 2499612                    /usr/lib/x86_64-linux-gnu/libXdmcp.so.6.0.0
7f2c5ee1c000-7f2c5ee1d000 rw-p 00005000 08:06 2499612                    /usr/lib/x86_64-linux-gnu/libXdmcp.so.6.0.0
7f2c5ee1d000-7f2c5ee1f000 r-xp 00000000 08:06 2499601                    /usr/lib/x86_64-linux-gnu/libXau.so.6.0.0
7f2c5ee1f000-7f2c5f01f000 ---p 00002000 08:06 2499601                    /usr/lib/x86_64-linux-gnu/libXau.so.6.0.0
7f2c5f01f000-7f2c5f020000 r--p 00002000 08:06 2499601                    /usr/lib/x86_64-linux-gnu/libXau.so.6.0.0
7f2c5f020000-7f2c5f021000 rw-p 00003000 08:06 2499601                    /usr/lib/x86_64-linux-gnu/libXau.so.6.0.0
7f2c5f021000-7f2c5f03e000 r-xp 00000000 08:06 2500671                    /usr/lib/x86_64-linux-gnu/libxcb.so.1.1.0
7f2c5f03e000-7f2c5f23e000 ---p 0001d000 08:06 2500671                    /usr/lib/x86_64-linux-gnu/libxcb.so.1.1.0
7f2c5f23e000-7f2c5f23f000 r--p 0001d000 08:06 2500671                    /usr/lib/x86_64-linux-gnu/libxcb.so.1.1.0
7f2c5f23f000-7f2c5f240000 rw-p 0001e000 08:06 2500671                    /usr/lib/x86_64-linux-gnu/libxcb.so.1.1.0
7f2c5f240000-7f2c5f24f000 r-xp 00000000 08:06 2507928                    /usr/lib/x86_64-linux-gnu/libXi.so.6.1.0
7f2c5f24f000-7f2c5f44e000 ---p 0000f000 08:06 2507928                    /usr/lib/x86_64-linux-gnu/libXi.so.6.1.0
7f2c5f44e000-7f2c5f44f000 r--p 0000e000 08:06 2507928                    /usr/lib/x86_64-linux-gnu/libXi.so.6.1.0
7f2c5f44f000-7f2c5f450000 rw-p 0000f000 08:06 2507928                    /usr/lib/x86_64-linux-gnu/libXi.so.6.1.0
7f2c5f450000-7f2c5f455000 r-xp 00000000 08:06 2499642                    /usr/lib/x86_64-linux-gnu/libXtst.so.6.1.0
7f2c5f455000-7f2c5f654000 ---p 00005000 08:06 2499642                    /usr/lib/x86_64-linux-gnu/libXtst.so.6.1.0
7f2c5f654000-7f2c5f655000 r--p 00004000 08:06 2499642                    /usr/lib/x86_64-linux-gnu/libXtst.so.6.1.0
7f2c5f655000-7f2c5f656000 rw-p 00005000 08:06 2499642                    /usr/lib/x86_64-linux-gnu/libXtst.so.6.1.0
7f2c5f656000-7f2c5f65f000 r-xp 00000000 08:06 2507930                    /usr/lib/x86_64-linux-gnu/libXrender.so.1.3.0
7f2c5f65f000-7f2c5f85e000 ---p 00009000 08:06 2507930                    /usr/lib/x86_64-linux-gnu/libXrender.so.1.3.0
7f2c5f85e000-7f2c5f85f000 r--p 00008000 08:06 2507930                    /usr/lib/x86_64-linux-gnu/libXrender.so.1.3.0
7f2c5f85f000-7f2c5f860000 rw-p 00009000 08:06 2507930                    /usr/lib/x86_64-linux-gnu/libXrender.so.1.3.0
7f2c5f860000-7f2c5f990000 r-xp 00000000 08:06 2499597                    /usr/lib/x86_64-linux-gnu/libX11.so.6.3.0
7f2c5f990000-7f2c5fb90000 ---p 00130000 08:06 2499597                    /usr/lib/x86_64-linux-gnu/libX11.so.6.3.0
7f2c5fb90000-7f2c5fb91000 r--p 00130000 08:06 2499597                    /usr/lib/x86_64-linux-gnu/libX11.so.6.3.0
7f2c5fb91000-7f2c5fb95000 rw-p 00131000 08:06 2499597                    /usr/lib/x86_64-linux-gnu/libX11.so.6.3.0
7f2c5fb95000-7f2c5fba6000 r-xp 00000000 08:06 2500123                    /usr/lib/x86_64-linux-gnu/libXext.so.6.4.0
7f2c5fba6000-7f2c5fda5000 ---p 00011000 08:06 2500123                    /usr/lib/x86_64-linux-gnu/libXext.so.6.4.0
7f2c5fda5000-7f2c5fda6000 r--p 00010000 08:06 2500123                    /usr/lib/x86_64-linux-gnu/libXext.so.6.4.0
7f2c5fda6000-7f2c5fda7000 rw-p 00011000 08:06 2500123                    /usr/lib/x86_64-linux-gnu/libXext.so.6.4.0
7f2c5fda7000-7f2c5fdfb000 r-xp 00000000 08:06 2622138                    /usr/lib/jvm/java-8-oracle/jre/lib/amd64/libawt_xawt.so
7f2c5fdfb000-7f2c5fffb000 ---p 00054000 08:06 2622138                    /usr/lib/jvm/java-8-oracle/jre/lib/amd64/libawt_xawt.so
7f2c5fffb000-7f2c5ffff000 rw-p 00054000 08:06 2622138                    /usr/lib/jvm/java-8-oracle/jre/lib/amd64/libawt_xawt.so
7f2c5ffff000-7f2c60000000 rw-p 00000000 00:00 0 
7f2c60000000-7f2c60021000 rw-p 00000000 00:00 0 
7f2c60021000-7f2c64000000 ---p 00000000 00:00 0 
7f2c64000000-7f2c643a4000 rw-p 00000000 00:00 0 
7f2c643a4000-7f2c68000000 ---p 00000000 00:00 0 
7f2c68000000-7f2c680d4000 rw-p 00000000 00:00 0 
7f2c680d4000-7f2c6c000000 ---p 00000000 00:00 0 
7f2c6c000000-7f2c6c26e000 rw-p 00000000 00:00 0 
7f2c6c26e000-7f2c70000000 ---p 00000000 00:00 0 
7f2c70000000-7f2c70021000 rw-p 00000000 00:00 0 
7f2c70021000-7f2c74000000 ---p 00000000 00:00 0 
7f2c74000000-7f2c74021000 rw-p 00000000 00:00 0 
7f2c74021000-7f2c78000000 ---p 00000000 00:00 0 
7f2c78000000-7f2c78021000 rw-p 00000000 00:00 0 
7f2c78021000-7f2c7c000000 ---p 00000000 00:00 0 
7f2c7c000000-7f2c7c2b1000 rw-p 00000000 00:00 0 
7f2c7c2b1000-7f2c80000000 ---p 00000000 00:00 0 
7f2c80000000-7f2c80021000 rw-p 00000000 00:00 0 
7f2c80021000-7f2c84000000 ---p 00000000 00:00 0 
7f2c84000000-7f2c84021000 rw-p 00000000 00:00 0 
7f2c84021000-7f2c88000000 ---p 00000000 00:00 0 
7f2c88000000-7f2c88021000 rw-p 00000000 00:00 0 
7f2c88021000-7f2c8c000000 ---p 00000000 00:00 0 
7f2c8c000000-7f2c8c021000 rw-p 00000000 00:00 0 
7f2c8c021000-7f2c90000000 ---p 00000000 00:00 0 
7f2c90000000-7f2c90021000 rw-p 00000000 00:00 0 
7f2c90021000-7f2c94000000 ---p 00000000 00:00 0 
7f2c94000000-7f2c94003000 ---p 00000000 00:00 0 
7f2c94003000-7f2c94101000 rw-p 00000000 00:00 0                          [stack:12723]
7f2c94101000-7f2c941a3000 r-xp 00000000 08:06 2622167                    /usr/lib/jvm/java-8-oracle/jre/lib/amd64/libawt.so
7f2c941a3000-7f2c943a3000 ---p 000a2000 08:06 2622167                    /usr/lib/jvm/java-8-oracle/jre/lib/amd64/libawt.so
7f2c943a3000-7f2c943af000 rw-p 000a2000 08:06 2622167                    /usr/lib/jvm/java-8-oracle/jre/lib/amd64/libawt.so
7f2c943af000-7f2c943d3000 rw-p 00000000 00:00 0 
7f2c943d3000-7f2c943d4000 ---p 00000000 00:00 0 
7f2c943d4000-7f2c944d4000 rw-p 00000000 00:00 0                          [stack:12720]
7f2c944d4000-7f2c944d7000 ---p 00000000 00:00 0 
7f2c944d7000-7f2c945d5000 rw-p 00000000 00:00 0                          [stack:12719]
7f2c945d5000-7f2c945d8000 ---p 00000000 00:00 0 
7f2c945d8000-7f2c946d6000 rw-p 00000000 00:00 0                          [stack:12718]
7f2c946d6000-7f2c946d9000 ---p 00000000 00:00 0 
7f2c946d9000-7f2c947d7000 rw-p 00000000 00:00 0                          [stack:12717]
7f2c947d7000-7f2c947da000 ---p 00000000 00:00 0 
7f2c947da000-7f2c948d8000 rw-p 00000000 00:00 0                          [stack:12715]
7f2c948d8000-7f2c948db000 ---p 00000000 00:00 0 
7f2c948db000-7f2c949d9000 rw-p 00000000 00:00 0                          [stack:12714]
7f2c949d9000-7f2c949dc000 ---p 00000000 00:00 0 
7f2c949dc000-7f2c94ada000 rw-p 00000000 00:00 0                          [stack:12711]
7f2c94ada000-7f2c94ade000 r-xp 00000000 08:06 2622158                    /usr/lib/jvm/java-8-oracle/jre/lib/amd64/libdt_socket.so
7f2c94ade000-7f2c94cdd000 ---p 00004000 08:06 2622158                    /usr/lib/jvm/java-8-oracle/jre/lib/amd64/libdt_socket.so
7f2c94cdd000-7f2c94cde000 rw-p 00003000 08:06 2622158                    /usr/lib/jvm/java-8-oracle/jre/lib/amd64/libdt_socket.so
7f2c94cde000-7f2c94ce1000 ---p 00000000 00:00 0 
7f2c94ce1000-7f2c94ddf000 rw-p 00000000 00:00 0                          [stack:12709]
7f2c94ddf000-7f2c94de2000 ---p 00000000 00:00 0 
7f2c94de2000-7f2c94ee0000 rw-p 00000000 00:00 0                          [stack:12708]
7f2c94ee0000-7f2c94ee3000 ---p 00000000 00:00 0 
7f2c94ee3000-7f2c94fe1000 rw-p 00000000 00:00 0                          [stack:12707]
7f2c94fe1000-7f2c94fe2000 ---p 00000000 00:00 0 
7f2c94fe2000-7f2c95a2d000 rw-p 00000000 00:00 0                          [stack:12706]
7f2c95a2d000-7f2c95c05000 r--s 03d1e000 08:06 2536952                    /usr/lib/jvm/java-8-oracle/jre/lib/rt.jar
7f2c95c05000-7f2c97d73000 rw-p 00000000 00:00 0 
7f2c97d73000-7f2c97d74000 ---p 00000000 00:00 0 
7f2c97d74000-7f2c97e74000 rw-p 00000000 00:00 0                          [stack:12704]
7f2c97e74000-7f2c97e75000 ---p 00000000 00:00 0 
7f2c97e75000-7f2c97f85000 rw-p 00000000 00:00 0                          [stack:12702]
7f2c97f85000-7f2c98070000 ---p 00000000 00:00 0 
7f2c98070000-7f2c98080000 rw-p 00000000 00:00 0 
7f2c98080000-7f2c9816a000 ---p 00000000 00:00 0 
7f2c9816a000-7f2c98173000 rw-p 00000000 00:00 0 
7f2c98173000-7f2c981e8000 ---p 00000000 00:00 0 
7f2c981e8000-7f2c981f4000 rw-p 00000000 00:00 0 
7f2c981f4000-7f2c985a9000 ---p 00000000 00:00 0 
7f2c985a9000-7f2c98849000 rwxp 00000000 00:00 0 
7f2c98849000-7f2ca75a9000 ---p 00000000 00:00 0 
7f2ca75a9000-7f2ca75c3000 r-xp 00000000 08:06 2622131                    /usr/lib/jvm/java-8-oracle/jre/lib/amd64/libzip.so
7f2ca75c3000-7f2ca77c3000 ---p 0001a000 08:06 2622131                    /usr/lib/jvm/java-8-oracle/jre/lib/amd64/libzip.so
7f2ca77c3000-7f2ca77c4000 rw-p 0001a000 08:06 2622131                    /usr/lib/jvm/java-8-oracle/jre/lib/amd64/libzip.so
7f2ca77c4000-7f2ca77cf000 r-xp 00000000 08:06 3179021                    /lib/x86_64-linux-gnu/libnss_files-2.19.so
7f2ca77cf000-7f2ca79ce000 ---p 0000b000 08:06 3179021                    /lib/x86_64-linux-gnu/libnss_files-2.19.so
7f2ca79ce000-7f2ca79cf000 r--p 0000a000 08:06 3179021                    /lib/x86_64-linux-gnu/libnss_files-2.19.so
7f2ca79cf000-7f2ca79d0000 rw-p 0000b000 08:06 3179021                    /lib/x86_64-linux-gnu/libnss_files-2.19.so
7f2ca79d0000-7f2ca79db000 r-xp 00000000 08:06 3179013                    /lib/x86_64-linux-gnu/libnss_nis-2.19.so
7f2ca79db000-7f2ca7bda000 ---p 0000b000 08:06 3179013                    /lib/x86_64-linux-gnu/libnss_nis-2.19.so
7f2ca7bda000-7f2ca7bdb000 r--p 0000a000 08:06 3179013                    /lib/x86_64-linux-gnu/libnss_nis-2.19.so
7f2ca7bdb000-7f2ca7bdc000 rw-p 0000b000 08:06 3179013                    /lib/x86_64-linux-gnu/libnss_nis-2.19.so
7f2ca7bdc000-7f2ca7bf3000 r-xp 00000000 08:06 3179009                    /lib/x86_64-linux-gnu/libnsl-2.19.so
7f2ca7bf3000-7f2ca7df2000 ---p 00017000 08:06 3179009                    /lib/x86_64-linux-gnu/libnsl-2.19.so
7f2ca7df2000-7f2ca7df3000 r--p 00016000 08:06 3179009                    /lib/x86_64-linux-gnu/libnsl-2.19.so
7f2ca7df3000-7f2ca7df4000 rw-p 00017000 08:06 3179009                    /lib/x86_64-linux-gnu/libnsl-2.19.so
7f2ca7df4000-7f2ca7df6000 rw-p 00000000 00:00 0 
7f2ca7df6000-7f2ca7dff000 r-xp 00000000 08:06 3179008                    /lib/x86_64-linux-gnu/libnss_compat-2.19.so
7f2ca7dff000-7f2ca7ffe000 ---p 00009000 08:06 3179008                    /lib/x86_64-linux-gnu/libnss_compat-2.19.so
7f2ca7ffe000-7f2ca7fff000 r--p 00008000 08:06 3179008                    /lib/x86_64-linux-gnu/libnss_compat-2.19.so
7f2ca7fff000-7f2ca8000000 rw-p 00009000 08:06 3179008                    /lib/x86_64-linux-gnu/libnss_compat-2.19.so
7f2ca8000000-7f2ca83d5000 rw-p 00000000 00:00 0 
7f2ca83d5000-7f2cac000000 ---p 00000000 00:00 0 
7f2cac000000-7f2cac004000 r--s 00000000 08:06 2893350                    /var/cache/fontconfig/69c252d2c43c6a4e228281b992d76c04-le64.cache-4
7f2cac004000-7f2cac008000 r--s 00000000 08:06 2893145                    /var/cache/fontconfig/42b85b8870a9886f24b1a55d8ef88da0-le64.cache-4
7f2cac008000-7f2cac015000 r--s 00000000 08:06 2902107                    /var/cache/fontconfig/e13b20fdb08344e0e664864cc2ede53d-le64.cache-4
7f2cac015000-7f2cac036000 rw-p 00000000 00:00 0 
7f2cac036000-7f2cac849000 r--p 00000000 08:06 2498427                    /usr/lib/locale/locale-archive
7f2cac849000-7f2cac84b000 r-xp 00000000 08:06 2622162                    /usr/lib/jvm/java-8-oracle/jre/lib/amd64/libnpt.so
7f2cac84b000-7f2caca4b000 ---p 00002000 08:06 2622162                    /usr/lib/jvm/java-8-oracle/jre/lib/amd64/libnpt.so
7f2caca4b000-7f2caca4c000 rw-p 00002000 08:06 2622162                    /usr/lib/jvm/java-8-oracle/jre/lib/amd64/libnpt.so
7f2caca4c000-7f2caca85000 r-xp 00000000 08:06 2622141                    /usr/lib/jvm/java-8-oracle/jre/lib/amd64/libjdwp.so
7f2caca85000-7f2cacc84000 ---p 00039000 08:06 2622141                    /usr/lib/jvm/java-8-oracle/jre/lib/amd64/libjdwp.so
7f2cacc84000-7f2cacc86000 rw-p 00038000 08:06 2622141                    /usr/lib/jvm/java-8-oracle/jre/lib/amd64/libjdwp.so
7f2cacc86000-7f2caccb0000 r-xp 00000000 08:06 2622142                    /usr/lib/jvm/java-8-oracle/jre/lib/amd64/libjava.so
7f2caccb0000-7f2caceb0000 ---p 0002a000 08:06 2622142                    /usr/lib/jvm/java-8-oracle/jre/lib/amd64/libjava.so
7f2caceb0000-7f2caceb2000 rw-p 0002a000 08:06 2622142                    /usr/lib/jvm/java-8-oracle/jre/lib/amd64/libjava.so
7f2caceb2000-7f2cacebf000 r-xp 00000000 08:06 2622123                    /usr/lib/jvm/java-8-oracle/jre/lib/amd64/libverify.so
7f2cacebf000-7f2cad0bf000 ---p 0000d000 08:06 2622123                    /usr/lib/jvm/java-8-oracle/jre/lib/amd64/libverify.so
7f2cad0bf000-7f2cad0c1000 rw-p 0000d000 08:06 2622123                    /usr/lib/jvm/java-8-oracle/jre/lib/amd64/libverify.so
7f2cad0c1000-7f2cad0c8000 r-xp 00000000 08:06 3179017                    /lib/x86_64-linux-gnu/librt-2.19.so
7f2cad0c8000-7f2cad2c7000 ---p 00007000 08:06 3179017                    /lib/x86_64-linux-gnu/librt-2.19.so
7f2cad2c7000-7f2cad2c8000 r--p 00006000 08:06 3179017                    /lib/x86_64-linux-gnu/librt-2.19.so
7f2cad2c8000-7f2cad2c9000 rw-p 00007000 08:06 3179017                    /lib/x86_64-linux-gnu/librt-2.19.so
7f2cad2c9000-7f2cad3ce000 r-xp 00000000 08:06 3179003                    /lib/x86_64-linux-gnu/libm-2.19.so
7f2cad3ce000-7f2cad5cd000 ---p 00105000 08:06 3179003                    /lib/x86_64-linux-gnu/libm-2.19.so
7f2cad5cd000-7f2cad5ce000 r--p 00104000 08:06 3179003                    /lib/x86_64-linux-gnu/libm-2.19.so
7f2cad5ce000-7f2cad5cf000 rw-p 00105000 08:06 3179003                    /lib/x86_64-linux-gnu/libm-2.19.so
7f2cad5cf000-7f2cae28e000 r-xp 00000000 08:06 2622137                    /usr/lib/jvm/java-8-oracle/jre/lib/amd64/server/libjvm.so
7f2cae28e000-7f2cae48d000 ---p 00cbf000 08:06 2622137                    /usr/lib/jvm/java-8-oracle/jre/lib/amd64/server/libjvm.so
7f2cae48d000-7f2cae566000 rw-p 00cbe000 08:06 2622137                    /usr/lib/jvm/java-8-oracle/jre/lib/amd64/server/libjvm.so
7f2cae566000-7f2cae5af000 rw-p 00000000 00:00 0 
7f2cae5af000-7f2cae76a000 r-xp 00000000 08:06 3179018                    /lib/x86_64-linux-gnu/libc-2.19.so
7f2cae76a000-7f2cae969000 ---p 001bb000 08:06 3179018                    /lib/x86_64-linux-gnu/libc-2.19.so
7f2cae969000-7f2cae96d000 r--p 001ba000 08:06 3179018                    /lib/x86_64-linux-gnu/libc-2.19.so
7f2cae96d000-7f2cae96f000 rw-p 001be000 08:06 3179018                    /lib/x86_64-linux-gnu/libc-2.19.so
7f2cae96f000-7f2cae974000 rw-p 00000000 00:00 0 
7f2cae974000-7f2cae977000 r-xp 00000000 08:06 3179005                    /lib/x86_64-linux-gnu/libdl-2.19.so
7f2cae977000-7f2caeb76000 ---p 00003000 08:06 3179005                    /lib/x86_64-linux-gnu/libdl-2.19.so
7f2caeb76000-7f2caeb77000 r--p 00002000 08:06 3179005                    /lib/x86_64-linux-gnu/libdl-2.19.so
7f2caeb77000-7f2caeb78000 rw-p 00003000 08:06 3179005                    /lib/x86_64-linux-gnu/libdl-2.19.so
7f2caeb78000-7f2caeb8d000 r-xp 00000000 08:06 2622172                    /usr/lib/jvm/java-8-oracle/jre/lib/amd64/jli/libjli.so
7f2caeb8d000-7f2caed8d000 ---p 00015000 08:06 2622172                    /usr/lib/jvm/java-8-oracle/jre/lib/amd64/jli/libjli.so
7f2caed8d000-7f2caed8e000 rw-p 00015000 08:06 2622172                    /usr/lib/jvm/java-8-oracle/jre/lib/amd64/jli/libjli.so
7f2caed8e000-7f2caeda7000 r-xp 00000000 08:06 3179010                    /lib/x86_64-linux-gnu/libpthread-2.19.so
7f2caeda7000-7f2caefa6000 ---p 00019000 08:06 3179010                    /lib/x86_64-linux-gnu/libpthread-2.19.so
7f2caefa6000-7f2caefa7000 r--p 00018000 08:06 3179010                    /lib/x86_64-linux-gnu/libpthread-2.19.so
7f2caefa7000-7f2caefa8000 rw-p 00019000 08:06 3179010                    /lib/x86_64-linux-gnu/libpthread-2.19.so
7f2caefa8000-7f2caefac000 rw-p 00000000 00:00 0 
7f2caefac000-7f2caefcf000 r-xp 00000000 08:06 3179011                    /lib/x86_64-linux-gnu/ld-2.19.so
7f2caefcf000-7f2caefd0000 r--s 00000000 08:06 2902108                    /var/cache/fontconfig/4794a0821666d79190d59a36cb4f44b5-le64.cache-4
7f2caefd0000-7f2caefd1000 r--s 00000000 08:06 2899193                    /var/cache/fontconfig/56cf4f4769d0f4abc89a4895d7bd3ae1-le64.cache-4
7f2caefd1000-7f2caefd5000 r--s 00000000 08:06 2904201                    /var/cache/fontconfig/7ef2298fde41cc6eeb7af42e48b7d293-le64.cache-4
7f2caefd5000-7f2caf0a7000 rw-p 00000000 00:00 0 
7f2caf0a7000-7f2caf0aa000 ---p 00000000 00:00 0 
7f2caf0aa000-7f2caf1ac000 rw-p 00000000 00:00 0                          [stack:12698]
7f2caf1ac000-7f2caf1ad000 r--s 00000000 08:06 2899205                    /var/cache/fontconfig/b9d506c9ac06c20b433354fa67a72993-le64.cache-4
7f2caf1ad000-7f2caf1ae000 r--s 00000000 08:06 2893146                    /var/cache/fontconfig/1ee5cafbe51fb67d0f91413347c9075c-le64.cache-4
7f2caf1ae000-7f2caf1af000 r--s 00000000 08:06 2899182                    /var/cache/fontconfig/0c9eb80ebd1c36541ebe2852d3bb0c49-le64.cache-4
7f2caf1af000-7f2caf1b2000 r--s 0001b000 08:06 293515                     /home/marti/Desktop/java/NBU/ReceiptGenerator/jgoodies-forms-1.8.0.jar
7f2caf1b2000-7f2caf1b3000 r--s 00012000 08:06 293530                     /home/marti/Desktop/java/NBU/ReceiptGenerator/miglayout15-swing.jar
7f2caf1b3000-7f2caf1c2000 rw-p 00000000 00:00 0 
7f2caf1c2000-7f2caf1ca000 rw-s 00000000 08:06 1456821                    /tmp/hsperfdata_marti/12695
7f2caf1ca000-7f2caf1cb000 rw-p 00000000 00:00 0 
7f2caf1cb000-7f2caf1cc000 r--p 00000000 00:00 0 
7f2caf1cc000-7f2caf1ce000 rw-p 00000000 00:00 0 
7f2caf1ce000-7f2caf1cf000 r--p 00022000 08:06 3179011                    /lib/x86_64-linux-gnu/ld-2.19.so
7f2caf1cf000-7f2caf1d0000 rw-p 00023000 08:06 3179011                    /lib/x86_64-linux-gnu/ld-2.19.so
7f2caf1d0000-7f2caf1d1000 rw-p 00000000 00:00 0 
7ffef472f000-7ffef4750000 rw-p 00000000 00:00 0                          [stack]
7ffef4777000-7ffef4779000 r-xp 00000000 00:00 0                          [vdso]
ffffffffff600000-ffffffffff601000 r-xp 00000000 00:00 0                  [vsyscall]

VM Arguments:
jvm_args: -agentlib:jdwp=transport=dt_socket,suspend=y,address=localhost:50177 -Dfile.encoding=UTF-8 
java_command: store.ui.main.MainFrame
java_class_path (initial): /home/marti/Desktop/java/NBU/ReceiptGenerator/bin:/home/marti/Desktop/java/NBU/ReceiptGenerator/miglayout15-swing.jar:/home/marti/Desktop/java/NBU/ReceiptGenerator/jgoodies-forms-1.8.0.jar
Launcher Type: SUN_STANDARD

Environment Variables:
PATH=/usr/local/sbin:/usr/local/bin:/usr/sbin:/usr/bin:/sbin:/bin:/usr/games:/usr/local/games
SHELL=/bin/bash
DISPLAY=:0

Signal Handlers:
SIGSEGV: [libjvm.so+0xabb070], sa_mask[0]=11111111011111111101111111111110, sa_flags=SA_RESTART|SA_SIGINFO
SIGBUS: [libjvm.so+0xabb070], sa_mask[0]=11111111011111111101111111111110, sa_flags=SA_RESTART|SA_SIGINFO
SIGFPE: [libjvm.so+0x918480], sa_mask[0]=11111111011111111101111111111110, sa_flags=SA_RESTART|SA_SIGINFO
SIGPIPE: [libjvm.so+0x918480], sa_mask[0]=11111111011111111101111111111110, sa_flags=SA_RESTART|SA_SIGINFO
SIGXFSZ: [libjvm.so+0x918480], sa_mask[0]=11111111011111111101111111111110, sa_flags=SA_RESTART|SA_SIGINFO
SIGILL: [libjvm.so+0x918480], sa_mask[0]=11111111011111111101111111111110, sa_flags=SA_RESTART|SA_SIGINFO
SIGUSR1: SIG_DFL, sa_mask[0]=00000000000000000000000000000000, sa_flags=none
SIGUSR2: [libjvm.so+0x919ab0], sa_mask[0]=00100000000000000000000000000000, sa_flags=SA_RESTART|SA_SIGINFO
SIGHUP: [libjvm.so+0x91aeb0], sa_mask[0]=11111111011111111101111111111110, sa_flags=SA_RESTART|SA_SIGINFO
SIGINT: [libjvm.so+0x91aeb0], sa_mask[0]=11111111011111111101111111111110, sa_flags=SA_RESTART|SA_SIGINFO
SIGTERM: [libjvm.so+0x91aeb0], sa_mask[0]=11111111011111111101111111111110, sa_flags=SA_RESTART|SA_SIGINFO
SIGQUIT: [libjvm.so+0x91aeb0], sa_mask[0]=11111111011111111101111111111110, sa_flags=SA_RESTART|SA_SIGINFO


---------------  S Y S T E M  ---------------

OS:DISTRIB_ID=Ubuntu
DISTRIB_RELEASE=14.04
DISTRIB_CODENAME=trusty
DISTRIB_DESCRIPTION="Ubuntu 14.04.4 LTS"

uname:Linux 3.13.0-83-generic #127-Ubuntu SMP Fri Mar 11 00:25:37 UTC 2016 x86_64
libc:glibc 2.19 NPTL 2.19 
rlimit: STACK 8192k, CORE 0k, NPROC 23872, NOFILE 4096, AS infinity
load average:0,36 0,38 0,56

/proc/meminfo:
MemTotal:        3077280 kB
MemFree:           86288 kB
Buffers:           57568 kB
Cached:           985184 kB
SwapCached:            0 kB
Active:          1983792 kB
Inactive:         769312 kB
Active(anon):    1480020 kB
Inactive(anon):   265372 kB
Active(file):     503772 kB
Inactive(file):   503940 kB
Unevictable:         264 kB
Mlocked:             264 kB
SwapTotal:       3139580 kB
SwapFree:        3139244 kB
Dirty:               116 kB
Writeback:             0 kB
AnonPages:       1710672 kB
Mapped:           331240 kB
Shmem:             35020 kB
Slab:             100716 kB
SReclaimable:      70644 kB
SUnreclaim:        30072 kB
KernelStack:        3832 kB
PageTables:        39572 kB
NFS_Unstable:          0 kB
Bounce:                0 kB
WritebackTmp:          0 kB
CommitLimit:     4678220 kB
Committed_AS:    5171204 kB
VmallocTotal:   34359738367 kB
VmallocUsed:      308572 kB
VmallocChunk:   34359422972 kB
HardwareCorrupted:     0 kB
AnonHugePages:    309248 kB
HugePages_Total:       0
HugePages_Free:        0
HugePages_Rsvd:        0
HugePages_Surp:        0
Hugepagesize:       2048 kB
DirectMap4k:      218368 kB
DirectMap2M:     2922496 kB


CPU:total 2 (2 cores per cpu, 1 threads per core) family 6 model 15 stepping 13, cmov, cx8, fxsr, mmx, sse, sse2, sse3, ssse3, tsc

/proc/cpuinfo:
processor	: 0
vendor_id	: GenuineIntel
cpu family	: 6
model		: 15
model name	: Intel(R) Core(TM)2 Duo CPU     T5800  @ 2.00GHz
stepping	: 13
microcode	: 0xa3
cpu MHz		: 2000.000
cache size	: 2048 KB
physical id	: 0
siblings	: 2
core id		: 0
cpu cores	: 2
apicid		: 0
initial apicid	: 0
fpu		: yes
fpu_exception	: yes
cpuid level	: 10
wp		: yes
flags		: fpu vme de pse tsc msr pae mce cx8 apic sep mtrr pge mca cmov pat pse36 clflush dts acpi mmx fxsr sse sse2 ss ht tm pbe syscall nx lm constant_tsc arch_perfmon pebs bts rep_good nopl aperfmperf pni dtes64 monitor ds_cpl est tm2 ssse3 cx16 xtpr pdcm lahf_lm dtherm
bogomips	: 3989.89
clflush size	: 64
cache_alignment	: 64
address sizes	: 36 bits physical, 48 bits virtual
power management:

processor	: 1
vendor_id	: GenuineIntel
cpu family	: 6
model		: 15
model name	: Intel(R) Core(TM)2 Duo CPU     T5800  @ 2.00GHz
stepping	: 13
microcode	: 0xa3
cpu MHz		: 2000.000
cache size	: 2048 KB
physical id	: 0
siblings	: 2
core id		: 1
cpu cores	: 2
apicid		: 1
initial apicid	: 1
fpu		: yes
fpu_exception	: yes
cpuid level	: 10
wp		: yes
flags		: fpu vme de pse tsc msr pae mce cx8 apic sep mtrr pge mca cmov pat pse36 clflush dts acpi mmx fxsr sse sse2 ss ht tm pbe syscall nx lm constant_tsc arch_perfmon pebs bts rep_good nopl aperfmperf pni dtes64 monitor ds_cpl est tm2 ssse3 cx16 xtpr pdcm lahf_lm dtherm
bogomips	: 3989.89
clflush size	: 64
cache_alignment	: 64
address sizes	: 36 bits physical, 48 bits virtual
power management:



Memory: 4k page, physical 3077280k(86288k free), swap 3139580k(3139244k free)

vm_info: Java HotSpot(TM) 64-Bit Server VM (25.77-b03) for linux-amd64 JRE (1.8.0_77-b03), built on Mar 20 2016 22:00:46 by "java_re" with gcc 4.3.0 20080428 (Red Hat 4.3.0-8)

time: Mon Apr  4 15:46:41 2016
elapsed time: 643 seconds (0d 0h 10m 43s)

