#
# A fatal error has been detected by the Java Runtime Environment:
#
#  SIGSEGV (0xb) at pc=0x00007f9160c420ba, pid=26983, tid=140261660169984
#
# JRE version: Java(TM) SE Runtime Environment (8.0_77-b03) (build 1.8.0_77-b03)
# Java VM: Java HotSpot(TM) 64-Bit Server VM (25.77-b03 mixed mode linux-amd64 compressed oops)
# Problematic frame:
# v  ~BufferBlob::jni_fast_GetLongField
#
# Failed to write core dump. Core dumps have been disabled. To enable core dumping, try "ulimit -c unlimited" before starting Java again
#
# If you would like to submit a bug report, please visit:
#   http://bugreport.java.com/bugreport/crash.jsp
# The crash happened outside the Java Virtual Machine in native code.
# See problematic frame for where to report the bug.
#

---------------  T H R E A D  ---------------

Current thread (0x00007f9170249000):  JavaThread "AWT-XAWT" daemon [_thread_in_native, id=27000, stack(0x00007f91365e1000,0x00007f91366e2000)]

siginfo: si_signo: 11 (SIGSEGV), si_code: 1 (SEGV_MAPERR), si_addr: 0x0000000000000000

Registers:
RAX=0x00007f9175fa10a0, RBX=0x00007f91702491f8, RCX=0x00007f9176a03320, RDX=0x0000000000000042
RSP=0x00007f91366e05f8, RBP=0x00007f91366e0620, RSI=0x0000000000000000, RDI=0x00007f91702491f8
R8 =0x00000000f0732568, R9 =0x0000000000000000, R10=0x0000000000000018, R11=0x00007f9160dfc358
R12=0x00007f911c00cdd0, R13=0x0000000000000000, R14=0x00007f915c49a7e0, R15=0x00007f9170249000
RIP=0x00007f9160c420ba, EFLAGS=0x0000000000010246, CSGSFS=0x0000000000000033, ERR=0x0000000000000004
  TRAPNO=0x000000000000000e

Top of Stack: (sp=0x00007f91366e05f8)
0x00007f91366e05f8:   00007f915c278ef1 00007f915e804988
0x00007f91366e0608:   00007f911c00cdd0 00007f91366e06d0
0x00007f91366e0618:   00007f91366e06a0 0000000000000000
0x00007f91366e0628:   00007f9137d2cae8 00007f915e804988
0x00007f91366e0638:   00007f91366e0660 0000000000000000
0x00007f91366e0648:   00007f9137d249a3 00007f91366e06d0
0x00007f91366e0658:   00007f915c27212f 00007f91366e06b0
0x00007f91366e0668:   00007f9160dfc3f6 0000000000000000
0x00007f91366e0678:   00007f9160de57f6 00007f91366e06d0
0x00007f91366e0688:   00007f9160d0a52c 00000000f091e818
0x00007f91366e0698:   00007f9160df43f4 00000000f08a0ad8
0x00007f91366e06a8:   00000000f08d8f70 00007f91366e0730
0x00007f91366e06b8:   00007f9160be0160 00007f91366e0730
0x00007f91366e06c8:   00007f9160be0160 0000000000000000
0x00007f91366e06d8:   00007f9160be04a0 00007f9124002e20
0x00007f91366e06e8:   00000000f091e818 00007f91366e06f0
0x00007f91366e06f8:   00007f915e8eebe4 00007f91366e0778
0x00007f91366e0708:   00007f915e8f7b70 0000000000000000
0x00007f91366e0718:   00007f915e8eed20 00007f91366e06d0
0x00007f91366e0728:   00007f91366e0770 00007f91366e07c0
0x00007f91366e0738:   00007f9160be098d 0000000000000000
0x00007f91366e0748:   00000000f0a7f148 0000000000000000
0x00007f91366e0758:   0000000000000000 0000000000000000
0x00007f91366e0768:   00000000f091e818 0000000000000000
0x00007f91366e0778:   00000000f08d9ab0 00007f91366e0780
0x00007f91366e0788:   00007f915e8eea25 00007f91366e07d0
0x00007f91366e0798:   00007f915e8f7b70 0000000000000000
0x00007f91366e07a8:   00007f915e8eea30 00007f91366e0770
0x00007f91366e07b8:   00007f91366e07d0 00007f91366e0818
0x00007f91366e07c8:   00007f9160be09d2 00000000f08d9ab0
0x00007f91366e07d8:   00007f91366e07d8 00007f915e2d88db
0x00007f91366e07e8:   00007f91366e0828 00007f915e35fdd8 

Instructions: (pc=0x00007f9160c420ba)
0x00007f9160c4209a:   00 00 00 00 00 00 44 8b 15 a1 e5 39 15 4c 8b ce
0x00007f9160c420aa:   41 f6 c2 01 0f 85 2e 00 00 00 4d 33 ca 4d 33 ca
0x00007f9160c420ba:   4d 8b 09 4c 8b da 49 c1 eb 02 4b 8b 04 19 49 bb
0x00007f9160c420ca:   48 06 fe 75 91 7f 00 00 4c 33 d8 4c 33 d8 45 3b 

Register to memory mapping:

RAX=0x00007f9175fa10a0: <offset 0xf760a0> in /usr/lib/jvm/java-8-oracle/jre/lib/amd64/server/libjvm.so at 0x00007f917502b000
RBX=0x00007f91702491f8 is an unknown value
RCX=0x00007f9176a03320: <offset 0x219320> in /lib/x86_64-linux-gnu/libpthread.so.0 at 0x00007f91767ea000
RDX=0x0000000000000042 is an unknown value
RSP=0x00007f91366e05f8 is pointing into the stack for thread: 0x00007f9170249000
RBP=0x00007f91366e0620 is pointing into the stack for thread: 0x00007f9170249000
RSI=0x0000000000000000 is an unknown value
RDI=0x00007f91702491f8 is an unknown value
R8 =0x00000000f0732568 is an oop
sun.util.logging.PlatformLogger$Level 
 - klass: 'sun/util/logging/PlatformLogger$Level'
R9 =0x0000000000000000 is an unknown value
R10=0x0000000000000018 is an unknown value
R11=0x00007f9160dfc358 is at entry_point+24 in (nmethod*)0x00007f9160dfc1d0
R12=0x00007f911c00cdd0 is an unknown value
R13=0x0000000000000000 is an unknown value
R14=0x00007f915c49a7e0: <offset 0x2587e0> in /usr/lib/jvm/java-8-oracle/jre/lib/amd64/libawt_xawt.so at 0x00007f915c242000
R15=0x00007f9170249000 is a thread


Stack: [0x00007f91365e1000,0x00007f91366e2000],  sp=0x00007f91366e05f8,  free space=1021k
Native frames: (J=compiled Java code, j=interpreted, Vv=VM code, C=native code)
v  ~BufferBlob::jni_fast_GetLongField
C  [libX11.so.6+0x61ae8]  _XimServerDestroy+0x58

Java frames: (J=compiled Java code, j=interpreted, Vv=VM code)
J 533  sun.awt.X11.XlibWrapper.XFilterEvent(JJ)Z (0 bytes) @ 0x00007f9160dfc384 [0x00007f9160dfc340+0x44]
j  sun.awt.X11.XToolkit.run(Z)V+300
j  sun.awt.X11.XToolkit.run()V+5
j  java.lang.Thread.run()V+11
v  ~StubRoutines::call_stub

---------------  P R O C E S S  ---------------

Java Threads: ( => current thread )
  0x00007f911c015000 JavaThread "XToolkt-Shutdown-Thread" [_thread_blocked, id=655, stack(0x00007f9135514000,0x00007f9135615000)]
  0x00007f9140001000 JavaThread "SIGTERM handler" daemon [_thread_blocked, id=652, stack(0x00007f9135615000,0x00007f9135716000)]
  0x00007f911c013000 JavaThread "TimerQueue" daemon [_thread_blocked, id=27004, stack(0x00007f9135716000,0x00007f9135817000)]
  0x00007f9170009800 JavaThread "DestroyJavaVM" [_thread_blocked, id=26988, stack(0x00007f9176b03000,0x00007f9176c04000)]
  0x00007f9124006800 JavaThread "AWT-EventQueue-0" [_thread_blocked, id=27002, stack(0x00007f9135b37000,0x00007f9135c38000)]
  0x00007f917033f800 JavaThread "AWT-Shutdown" [_thread_blocked, id=27001, stack(0x00007f9135c38000,0x00007f9135d39000)]
=>0x00007f9170249000 JavaThread "AWT-XAWT" daemon [_thread_in_native, id=27000, stack(0x00007f91365e1000,0x00007f91366e2000)]
  0x00007f9170223000 JavaThread "Java2D Disposer" daemon [_thread_blocked, id=26999, stack(0x00007f9136af2000,0x00007f9136bf3000)]
  0x00007f91700cd000 JavaThread "Service Thread" daemon [_thread_blocked, id=26997, stack(0x00007f915c86e000,0x00007f915c96f000)]
  0x00007f91700b8000 JavaThread "C1 CompilerThread1" daemon [_thread_blocked, id=26996, stack(0x00007f915c96f000,0x00007f915ca70000)]
  0x00007f91700b5800 JavaThread "C2 CompilerThread0" daemon [_thread_blocked, id=26995, stack(0x00007f915ca70000,0x00007f915cb71000)]
  0x00007f91700b4000 JavaThread "Signal Dispatcher" daemon [_thread_blocked, id=26994, stack(0x00007f915cb71000,0x00007f915cc72000)]
  0x00007f917007f800 JavaThread "Finalizer" daemon [_thread_blocked, id=26993, stack(0x00007f915d485000,0x00007f915d586000)]
  0x00007f917007b000 JavaThread "Reference Handler" daemon [_thread_blocked, id=26992, stack(0x00007f915d586000,0x00007f915d687000)]

Other Threads:
  0x00007f9170073800 VMThread [stack: 0x00007f915d687000,0x00007f915d788000] [id=26991]
  0x00007f91700d0000 WatcherThread [stack: 0x00007f915c76d000,0x00007f915c86e000] [id=26998]

VM state:not at safepoint (normal execution)

VM Mutex/Monitor currently owned by a thread: None

Heap:
 PSYoungGen      total 14336K, used 7393K [0x00000000f0580000, 0x00000000f1580000, 0x0000000100000000)
  eden space 12288K, 60% used [0x00000000f0580000,0x00000000f0cb84a8,0x00000000f1180000)
  from space 2048K, 0% used [0x00000000f1380000,0x00000000f1380000,0x00000000f1580000)
  to   space 2048K, 0% used [0x00000000f1180000,0x00000000f1180000,0x00000000f1380000)
 ParOldGen       total 32768K, used 0K [0x00000000d1000000, 0x00000000d3000000, 0x00000000f0580000)
  object space 32768K, 0% used [0x00000000d1000000,0x00000000d1000000,0x00000000d3000000)
 Metaspace       used 12109K, capacity 12338K, committed 12544K, reserved 1060864K
  class space    used 1419K, capacity 1516K, committed 1536K, reserved 1048576K

Card table byte_map: [0x00007f91606a0000,0x00007f9160819000] byte_map_base: 0x00007f9160018000

Marking Bits: (ParMarkBitMap*) 0x00007f9175fe0100
 Begin Bits: [0x00007f915ec23000, 0x00007f915f7e3000)
 End Bits:   [0x00007f915f7e3000, 0x00007f91603a3000)

Polling page: 0x00007f9176c27000

CodeCache: size=245760Kb used=2353Kb max_used=2365Kb free=243406Kb
 bounds [0x00007f9160bd9000, 0x00007f9160e49000, 0x00007f916fbd9000]
 total_blobs=1086 nmethods=550 adapters=452
 compilation: enabled

Compilation events (10 events):
Event: 10936,465 Thread 0x00007f91700b5800  546       4       sun.awt.X11.XEvent::get_type (18 bytes)
Event: 10936,468 Thread 0x00007f91700b5800 nmethod 546 0x00007f9160e23010 code [0x00007f9160e23180, 0x00007f9160e23318]
Event: 11193,069 Thread 0x00007f91700b5800  547       4       java.util.TreeMap::getEntry (84 bytes)
Event: 11193,072 Thread 0x00007f91700b5800 nmethod 547 0x00007f9160e27d10 code [0x00007f9160e27e60, 0x00007f9160e27fb8]
Event: 12284,800 Thread 0x00007f91700b5800  548       4       java.util.Vector$Itr::hasNext (20 bytes)
Event: 12284,801 Thread 0x00007f91700b5800 nmethod 548 0x00007f9160dfbf50 code [0x00007f9160dfc0a0, 0x00007f9160dfc138]
Event: 15178,521 Thread 0x00007f91700b5800  549   !   4       sun.awt.X11.XToolkit::windowToXWindow (27 bytes)
Event: 15178,529 Thread 0x00007f91700b5800 nmethod 549 0x00007f9160e272d0 code [0x00007f9160e27460, 0x00007f9160e27998]
Event: 15189,585 Thread 0x00007f91700b5800  550       4       sun.awt.X11.XEvent::get_xany (22 bytes)
Event: 15189,591 Thread 0x00007f91700b5800 nmethod 550 0x00007f9160e26910 code [0x00007f9160e26aa0, 0x00007f9160e26df8]

GC Heap History (0 events):
No events

Deoptimization events (1 events):
Event: 0,458 Thread 0x00007f9170009800 Uncommon trap: reason=null_check action=make_not_entrant pc=0x00007f9160d475c4 method=java.lang.String.equals(Ljava/lang/Object;)Z @ 8

Internal exceptions (10 events):
Event: 0,045 Thread 0x00007f9170009800 Exception <a 'java/lang/NoSuchMethodError': Method sun.misc.Unsafe.prefetchRead(Ljava/lang/Object;J)V name or signature does not match> (0x00000000f0587fa8) thrown at [/HUDSON/workspace/8-2-build-linux-amd64/jdk8u77/6540/hotspot/src/share/vm/prims/jni.cpp
Event: 0,172 Thread 0x00007f9170009800 Exception <a 'java/security/PrivilegedActionException'> (0x00000000f069b158) thrown at [/HUDSON/workspace/8-2-build-linux-amd64/jdk8u77/6540/hotspot/src/share/vm/prims/jvm.cpp, line 1386]
Event: 0,172 Thread 0x00007f9170009800 Exception <a 'java/security/PrivilegedActionException'> (0x00000000f069b550) thrown at [/HUDSON/workspace/8-2-build-linux-amd64/jdk8u77/6540/hotspot/src/share/vm/prims/jvm.cpp, line 1386]
Event: 0,173 Thread 0x00007f9170009800 Exception <a 'java/security/PrivilegedActionException'> (0x00000000f069db78) thrown at [/HUDSON/workspace/8-2-build-linux-amd64/jdk8u77/6540/hotspot/src/share/vm/prims/jvm.cpp, line 1386]
Event: 0,173 Thread 0x00007f9170009800 Exception <a 'java/security/PrivilegedActionException'> (0x00000000f069df70) thrown at [/HUDSON/workspace/8-2-build-linux-amd64/jdk8u77/6540/hotspot/src/share/vm/prims/jvm.cpp, line 1386]
Event: 0,297 Thread 0x00007f9170009800 Exception <a 'java/lang/NoSuchFieldError': method resolution failed> (0x00000000f07fcf68) thrown at [/HUDSON/workspace/8-2-build-linux-amd64/jdk8u77/6540/hotspot/src/share/vm/prims/methodHandles.cpp, line 1146]
Event: 0,302 Thread 0x00007f9170009800 Exception <a 'java/lang/NoSuchFieldError': method resolution failed> (0x00000000f080a708) thrown at [/HUDSON/workspace/8-2-build-linux-amd64/jdk8u77/6540/hotspot/src/share/vm/prims/methodHandles.cpp, line 1146]
Event: 0,334 Thread 0x00007f9170009800 Exception <a 'java/io/FileNotFoundException'> (0x00000000f0889e08) thrown at [/HUDSON/workspace/8-2-build-linux-amd64/jdk8u77/6540/hotspot/src/share/vm/prims/jni.cpp, line 709]
Event: 0,334 Thread 0x00007f9170009800 Exception <a 'java/io/FileNotFoundException'> (0x00000000f088a7b8) thrown at [/HUDSON/workspace/8-2-build-linux-amd64/jdk8u77/6540/hotspot/src/share/vm/prims/jni.cpp, line 709]
Event: 0,458 Thread 0x00007f9170009800 Implicit null exception at 0x00007f9160d473e2 to 0x00007f9160d475b5

Events (10 events):
Event: 5,170 loading class java/util/AbstractQueue
Event: 5,171 loading class java/util/AbstractQueue done
Event: 5,171 loading class java/util/concurrent/DelayQueue done
Event: 5,171 loading class java/util/PriorityQueue
Event: 5,172 loading class java/util/PriorityQueue done
Event: 5,172 loading class javax/swing/TimerQueue$1
Event: 5,173 loading class javax/swing/TimerQueue$1 done
Event: 5,173 Thread 0x00007f911c013000 Thread added: 0x00007f911c013000
Event: 15427,684 loading class sun/awt/X11/XDestroyWindowEvent
Event: 15427,916 loading class sun/awt/X11/XDestroyWindowEvent done


Dynamic libraries:
00400000-00401000 r-xp 00000000 08:06 2536843                            /usr/lib/jvm/java-8-oracle/jre/bin/java
00600000-00601000 rw-p 00000000 08:06 2536843                            /usr/lib/jvm/java-8-oracle/jre/bin/java
01895000-018b6000 rw-p 00000000 00:00 0                                  [heap]
d1000000-d3000000 rw-p 00000000 00:00 0 
d3000000-f0580000 ---p 00000000 00:00 0 
f0580000-f1580000 rw-p 00000000 00:00 0 
f1580000-100000000 ---p 00000000 00:00 0 
100000000-100180000 rw-p 00000000 00:00 0 
100180000-140000000 ---p 00000000 00:00 0 
7f911c000000-7f911c021000 rw-p 00000000 00:00 0 
7f911c021000-7f9120000000 ---p 00000000 00:00 0 
7f9124000000-7f9124029000 rw-p 00000000 00:00 0 
7f9124029000-7f9128000000 ---p 00000000 00:00 0 
7f9128000000-7f9128021000 rw-p 00000000 00:00 0 
7f9128021000-7f912c000000 ---p 00000000 00:00 0 
7f912c000000-7f912c021000 rw-p 00000000 00:00 0 
7f912c021000-7f9130000000 ---p 00000000 00:00 0 
7f9130000000-7f9130021000 rw-p 00000000 00:00 0 
7f9130021000-7f9134000000 ---p 00000000 00:00 0 
7f9135514000-7f9135517000 ---p 00000000 00:00 0 
7f9135517000-7f9135615000 rw-p 00000000 00:00 0                          [stack:655]
7f9135615000-7f9135618000 ---p 00000000 00:00 0 
7f9135618000-7f9135716000 rw-p 00000000 00:00 0                          [stack:652]
7f9135716000-7f9135719000 ---p 00000000 00:00 0 
7f9135719000-7f9135817000 rw-p 00000000 00:00 0                          [stack:27004]
7f9135817000-7f9135818000 r--s 00000000 08:06 2899206                    /var/cache/fontconfig/c05880de57d1f5e948fdfacc138775d9-le64.cache-4
7f9135818000-7f9135823000 r--s 00000000 08:06 2899200                    /var/cache/fontconfig/945677eb7aeaf62f1d50efc3fb3ec7d8-le64.cache-4
7f9135823000-7f9135829000 r--s 00000000 08:06 2899186                    /var/cache/fontconfig/2cd17615ca594fa2959ae173292e504c-le64.cache-4
7f9135829000-7f913582a000 r--s 00000000 08:06 2899216                    /var/cache/fontconfig/e7071f4a29fa870f4323321c154eba04-le64.cache-4
7f913582a000-7f913582b000 r--s 00000000 08:06 2899183                    /var/cache/fontconfig/0d8c3b2ac0904cb8a57a757ad11a4a08-le64.cache-4
7f913582b000-7f9135832000 r--s 00000000 08:06 2899203                    /var/cache/fontconfig/a755afe4a08bf5b97852ceb7400b47bc-le64.cache-4
7f9135832000-7f9135836000 r--s 00000000 08:06 2903995                    /var/cache/fontconfig/6d41288fd70b0be22e8c3a91e032eec0-le64.cache-4
7f9135836000-7f913584a000 r--s 00000000 08:06 2899181                    /var/cache/fontconfig/04aabc0a78ac019cf9454389977116d2-le64.cache-4
7f913584a000-7f913584b000 r--s 00000000 08:06 2899185                    /var/cache/fontconfig/1ac9eb803944fde146138c791f5cc56a-le64.cache-4
7f913584b000-7f9135886000 r--s 00000000 08:06 2894190                    /var/cache/fontconfig/365b55f210c0a22e9a19e35191240f32-le64.cache-4
7f9135886000-7f9135899000 r--s 00000000 08:06 2899210                    /var/cache/fontconfig/d52a8644073d54c13679302ca1180695-le64.cache-4
7f9135937000-7f91359f7000 rw-p 00000000 00:00 0 
7f91359f7000-7f9135b37000 ---p 00000000 00:00 0 
7f9135b37000-7f9135b3a000 ---p 00000000 00:00 0 
7f9135b3a000-7f9135c38000 rw-p 00000000 00:00 0                          [stack:27002]
7f9135c38000-7f9135c3b000 ---p 00000000 00:00 0 
7f9135c3b000-7f9135d39000 rw-p 00000000 00:00 0                          [stack:27001]
7f9135d39000-7f9135da2000 r-xp 00000000 08:06 2622121                    /usr/lib/jvm/java-8-oracle/jre/lib/amd64/libt2k.so
7f9135da2000-7f9135fa2000 ---p 00069000 08:06 2622121                    /usr/lib/jvm/java-8-oracle/jre/lib/amd64/libt2k.so
7f9135fa2000-7f9135fa9000 rw-p 00069000 08:06 2622121                    /usr/lib/jvm/java-8-oracle/jre/lib/amd64/libt2k.so
7f9135fa9000-7f9135fb9000 rw-p 00000000 00:00 0 
7f9135fb9000-7f9135fca000 r-xp 00000000 08:06 2622117                    /usr/lib/jvm/java-8-oracle/jre/lib/amd64/libnio.so
7f9135fca000-7f91361c9000 ---p 00011000 08:06 2622117                    /usr/lib/jvm/java-8-oracle/jre/lib/amd64/libnio.so
7f91361c9000-7f91361ca000 rw-p 00010000 08:06 2622117                    /usr/lib/jvm/java-8-oracle/jre/lib/amd64/libnio.so
7f91361ca000-7f91361e0000 r-xp 00000000 08:06 2622175                    /usr/lib/jvm/java-8-oracle/jre/lib/amd64/libnet.so
7f91361e0000-7f91363e0000 ---p 00016000 08:06 2622175                    /usr/lib/jvm/java-8-oracle/jre/lib/amd64/libnet.so
7f91363e0000-7f91363e1000 rw-p 00016000 08:06 2622175                    /usr/lib/jvm/java-8-oracle/jre/lib/amd64/libnet.so
7f91363e1000-7f91365e1000 rw-p 00000000 00:00 0 
7f91365e1000-7f91365e4000 ---p 00000000 00:00 0 
7f91365e4000-7f91366e2000 rw-p 00000000 00:00 0                          [stack:27000]
7f91366e2000-7f91366e7000 r-xp 00000000 08:06 2507823                    /usr/lib/x86_64-linux-gnu/libXfixes.so.3.1.0
7f91366e7000-7f91368e6000 ---p 00005000 08:06 2507823                    /usr/lib/x86_64-linux-gnu/libXfixes.so.3.1.0
7f91368e6000-7f91368e7000 r--p 00004000 08:06 2507823                    /usr/lib/x86_64-linux-gnu/libXfixes.so.3.1.0
7f91368e7000-7f91368e8000 rw-p 00005000 08:06 2507823                    /usr/lib/x86_64-linux-gnu/libXfixes.so.3.1.0
7f91368e8000-7f91368f1000 r-xp 00000000 08:06 2499608                    /usr/lib/x86_64-linux-gnu/libXcursor.so.1.0.2
7f91368f1000-7f9136af0000 ---p 00009000 08:06 2499608                    /usr/lib/x86_64-linux-gnu/libXcursor.so.1.0.2
7f9136af0000-7f9136af1000 r--p 00008000 08:06 2499608                    /usr/lib/x86_64-linux-gnu/libXcursor.so.1.0.2
7f9136af1000-7f9136af2000 rw-p 00009000 08:06 2499608                    /usr/lib/x86_64-linux-gnu/libXcursor.so.1.0.2
7f9136af2000-7f9136af5000 ---p 00000000 00:00 0 
7f9136af5000-7f9136bf3000 rw-p 00000000 00:00 0                          [stack:26999]
7f9136bf3000-7f9136c09000 r-xp 00000000 08:06 3149878                    /lib/x86_64-linux-gnu/libgcc_s.so.1
7f9136c09000-7f9136e08000 ---p 00016000 08:06 3149878                    /lib/x86_64-linux-gnu/libgcc_s.so.1
7f9136e08000-7f9136e09000 rw-p 00015000 08:06 3149878                    /lib/x86_64-linux-gnu/libgcc_s.so.1
7f9136e09000-7f9136e6e000 r-xp 00000000 08:06 2622166                    /usr/lib/jvm/java-8-oracle/jre/lib/amd64/libfontmanager.so
7f9136e6e000-7f913706d000 ---p 00065000 08:06 2622166                    /usr/lib/jvm/java-8-oracle/jre/lib/amd64/libfontmanager.so
7f913706d000-7f9137072000 rw-p 00064000 08:06 2622166                    /usr/lib/jvm/java-8-oracle/jre/lib/amd64/libfontmanager.so
7f9137072000-7f9137082000 rw-p 00000000 00:00 0 
7f9137082000-7f9137087000 r-xp 00000000 08:06 2499612                    /usr/lib/x86_64-linux-gnu/libXdmcp.so.6.0.0
7f9137087000-7f9137286000 ---p 00005000 08:06 2499612                    /usr/lib/x86_64-linux-gnu/libXdmcp.so.6.0.0
7f9137286000-7f9137287000 r--p 00004000 08:06 2499612                    /usr/lib/x86_64-linux-gnu/libXdmcp.so.6.0.0
7f9137287000-7f9137288000 rw-p 00005000 08:06 2499612                    /usr/lib/x86_64-linux-gnu/libXdmcp.so.6.0.0
7f9137288000-7f913728a000 r-xp 00000000 08:06 2499601                    /usr/lib/x86_64-linux-gnu/libXau.so.6.0.0
7f913728a000-7f913748a000 ---p 00002000 08:06 2499601                    /usr/lib/x86_64-linux-gnu/libXau.so.6.0.0
7f913748a000-7f913748b000 r--p 00002000 08:06 2499601                    /usr/lib/x86_64-linux-gnu/libXau.so.6.0.0
7f913748b000-7f913748c000 rw-p 00003000 08:06 2499601                    /usr/lib/x86_64-linux-gnu/libXau.so.6.0.0
7f913748c000-7f91374a9000 r-xp 00000000 08:06 2500671                    /usr/lib/x86_64-linux-gnu/libxcb.so.1.1.0
7f91374a9000-7f91376a9000 ---p 0001d000 08:06 2500671                    /usr/lib/x86_64-linux-gnu/libxcb.so.1.1.0
7f91376a9000-7f91376aa000 r--p 0001d000 08:06 2500671                    /usr/lib/x86_64-linux-gnu/libxcb.so.1.1.0
7f91376aa000-7f91376ab000 rw-p 0001e000 08:06 2500671                    /usr/lib/x86_64-linux-gnu/libxcb.so.1.1.0
7f91376ab000-7f91376ba000 r-xp 00000000 08:06 2507928                    /usr/lib/x86_64-linux-gnu/libXi.so.6.1.0
7f91376ba000-7f91378b9000 ---p 0000f000 08:06 2507928                    /usr/lib/x86_64-linux-gnu/libXi.so.6.1.0
7f91378b9000-7f91378ba000 r--p 0000e000 08:06 2507928                    /usr/lib/x86_64-linux-gnu/libXi.so.6.1.0
7f91378ba000-7f91378bb000 rw-p 0000f000 08:06 2507928                    /usr/lib/x86_64-linux-gnu/libXi.so.6.1.0
7f91378bb000-7f91378c0000 r-xp 00000000 08:06 2499642                    /usr/lib/x86_64-linux-gnu/libXtst.so.6.1.0
7f91378c0000-7f9137abf000 ---p 00005000 08:06 2499642                    /usr/lib/x86_64-linux-gnu/libXtst.so.6.1.0
7f9137abf000-7f9137ac0000 r--p 00004000 08:06 2499642                    /usr/lib/x86_64-linux-gnu/libXtst.so.6.1.0
7f9137ac0000-7f9137ac1000 rw-p 00005000 08:06 2499642                    /usr/lib/x86_64-linux-gnu/libXtst.so.6.1.0
7f9137ac1000-7f9137aca000 r-xp 00000000 08:06 2507930                    /usr/lib/x86_64-linux-gnu/libXrender.so.1.3.0
7f9137aca000-7f9137cc9000 ---p 00009000 08:06 2507930                    /usr/lib/x86_64-linux-gnu/libXrender.so.1.3.0
7f9137cc9000-7f9137cca000 r--p 00008000 08:06 2507930                    /usr/lib/x86_64-linux-gnu/libXrender.so.1.3.0
7f9137cca000-7f9137ccb000 rw-p 00009000 08:06 2507930                    /usr/lib/x86_64-linux-gnu/libXrender.so.1.3.0
7f9137ccb000-7f9137dfb000 r-xp 00000000 08:06 2499597                    /usr/lib/x86_64-linux-gnu/libX11.so.6.3.0
7f9137dfb000-7f9137ffb000 ---p 00130000 08:06 2499597                    /usr/lib/x86_64-linux-gnu/libX11.so.6.3.0
7f9137ffb000-7f9137ffc000 r--p 00130000 08:06 2499597                    /usr/lib/x86_64-linux-gnu/libX11.so.6.3.0
7f9137ffc000-7f9138000000 rw-p 00131000 08:06 2499597                    /usr/lib/x86_64-linux-gnu/libX11.so.6.3.0
7f9138000000-7f913835a000 rw-p 00000000 00:00 0 
7f913835a000-7f913c000000 ---p 00000000 00:00 0 
7f913c000000-7f913c021000 rw-p 00000000 00:00 0 
7f913c021000-7f9140000000 ---p 00000000 00:00 0 
7f9140000000-7f9140021000 rw-p 00000000 00:00 0 
7f9140021000-7f9144000000 ---p 00000000 00:00 0 
7f9144000000-7f91441b3000 rw-p 00000000 00:00 0 
7f91441b3000-7f9148000000 ---p 00000000 00:00 0 
7f9148000000-7f9148021000 rw-p 00000000 00:00 0 
7f9148021000-7f914c000000 ---p 00000000 00:00 0 
7f914c000000-7f914c021000 rw-p 00000000 00:00 0 
7f914c021000-7f9150000000 ---p 00000000 00:00 0 
7f9150000000-7f9150021000 rw-p 00000000 00:00 0 
7f9150021000-7f9154000000 ---p 00000000 00:00 0 
7f9154000000-7f9154021000 rw-p 00000000 00:00 0 
7f9154021000-7f9158000000 ---p 00000000 00:00 0 
7f9158000000-7f9158021000 rw-p 00000000 00:00 0 
7f9158021000-7f915c000000 ---p 00000000 00:00 0 
7f915c000000-7f915c004000 r--s 00000000 08:06 2899189                    /var/cache/fontconfig/385c0604a188198f04d133e54aba7fe7-le64.cache-4
7f915c004000-7f915c009000 r--s 00000000 08:06 2899199                    /var/cache/fontconfig/8801497958630a81b71ace7c5f9b32a8-le64.cache-4
7f915c009000-7f915c010000 r--s 00000000 08:06 2899187                    /var/cache/fontconfig/3047814df9a2f067bd2d96a2b9c36e5a-le64.cache-4
7f915c010000-7f915c021000 r-xp 00000000 08:06 2500123                    /usr/lib/x86_64-linux-gnu/libXext.so.6.4.0
7f915c021000-7f915c220000 ---p 00011000 08:06 2500123                    /usr/lib/x86_64-linux-gnu/libXext.so.6.4.0
7f915c220000-7f915c221000 r--p 00010000 08:06 2500123                    /usr/lib/x86_64-linux-gnu/libXext.so.6.4.0
7f915c221000-7f915c222000 rw-p 00011000 08:06 2500123                    /usr/lib/x86_64-linux-gnu/libXext.so.6.4.0
7f915c222000-7f915c224000 r--s 00000000 08:06 2899197                    /var/cache/fontconfig/767a8244fc0220cfb567a839d0392e0b-le64.cache-4
7f915c224000-7f915c228000 r--s 00000000 08:06 2893350                    /var/cache/fontconfig/69c252d2c43c6a4e228281b992d76c04-le64.cache-4
7f915c228000-7f915c22e000 r--s 00000000 08:06 2899204                    /var/cache/fontconfig/b47c4e1ecd0709278f4910c18777a504-le64.cache-4
7f915c22e000-7f915c237000 r--s 00000000 08:06 2892931                    /var/cache/fontconfig/3f7329c5293ffd510edef78f73874cfd-le64.cache-4
7f915c237000-7f915c242000 r--s 00000000 08:06 2898876                    /var/cache/fontconfig/d589a48862398ed80a3d6066f4f56f4c-le64.cache-4
7f915c242000-7f915c296000 r-xp 00000000 08:06 2622138                    /usr/lib/jvm/java-8-oracle/jre/lib/amd64/libawt_xawt.so
7f915c296000-7f915c496000 ---p 00054000 08:06 2622138                    /usr/lib/jvm/java-8-oracle/jre/lib/amd64/libawt_xawt.so
7f915c496000-7f915c49a000 rw-p 00054000 08:06 2622138                    /usr/lib/jvm/java-8-oracle/jre/lib/amd64/libawt_xawt.so
7f915c49a000-7f915c49b000 rw-p 00000000 00:00 0 
7f915c49b000-7f915c53d000 r-xp 00000000 08:06 2622167                    /usr/lib/jvm/java-8-oracle/jre/lib/amd64/libawt.so
7f915c53d000-7f915c73d000 ---p 000a2000 08:06 2622167                    /usr/lib/jvm/java-8-oracle/jre/lib/amd64/libawt.so
7f915c73d000-7f915c749000 rw-p 000a2000 08:06 2622167                    /usr/lib/jvm/java-8-oracle/jre/lib/amd64/libawt.so
7f915c749000-7f915c76d000 rw-p 00000000 00:00 0 
7f915c76d000-7f915c76e000 ---p 00000000 00:00 0 
7f915c76e000-7f915c86e000 rw-p 00000000 00:00 0                          [stack:26998]
7f915c86e000-7f915c871000 ---p 00000000 00:00 0 
7f915c871000-7f915c96f000 rw-p 00000000 00:00 0                          [stack:26997]
7f915c96f000-7f915c972000 ---p 00000000 00:00 0 
7f915c972000-7f915ca70000 rw-p 00000000 00:00 0                          [stack:26996]
7f915ca70000-7f915ca73000 ---p 00000000 00:00 0 
7f915ca73000-7f915cb71000 rw-p 00000000 00:00 0                          [stack:26995]
7f915cb71000-7f915cb74000 ---p 00000000 00:00 0 
7f915cb74000-7f915cc72000 rw-p 00000000 00:00 0                          [stack:26994]
7f915cc72000-7f915d485000 r--p 00000000 08:06 2498427                    /usr/lib/locale/locale-archive
7f915d485000-7f915d488000 ---p 00000000 00:00 0 
7f915d488000-7f915d586000 rw-p 00000000 00:00 0                          [stack:26993]
7f915d586000-7f915d589000 ---p 00000000 00:00 0 
7f915d589000-7f915d687000 rw-p 00000000 00:00 0                          [stack:26992]
7f915d687000-7f915d688000 ---p 00000000 00:00 0 
7f915d688000-7f915e0d3000 rw-p 00000000 00:00 0                          [stack:26991]
7f915e0d3000-7f915e2ab000 r--s 03d1e000 08:06 2536952                    /usr/lib/jvm/java-8-oracle/jre/lib/rt.jar
7f915e2ab000-7f91603a3000 rw-p 00000000 00:00 0 
7f91603a3000-7f91603a4000 ---p 00000000 00:00 0 
7f91603a4000-7f91604a4000 rw-p 00000000 00:00 0                          [stack:26990]
7f91604a4000-7f91604a5000 ---p 00000000 00:00 0 
7f91604a5000-7f91605b5000 rw-p 00000000 00:00 0                          [stack:26989]
7f91605b5000-7f91606a0000 ---p 00000000 00:00 0 
7f91606a0000-7f91606b0000 rw-p 00000000 00:00 0 
7f91606b0000-7f916079a000 ---p 00000000 00:00 0 
7f916079a000-7f91607a3000 rw-p 00000000 00:00 0 
7f91607a3000-7f9160818000 ---p 00000000 00:00 0 
7f9160818000-7f9160823000 rw-p 00000000 00:00 0 
7f9160823000-7f9160bd9000 ---p 00000000 00:00 0 
7f9160bd9000-7f9160e49000 rwxp 00000000 00:00 0 
7f9160e49000-7f916fbd9000 ---p 00000000 00:00 0 
7f916fbd9000-7f916fbf3000 r-xp 00000000 08:06 2622131                    /usr/lib/jvm/java-8-oracle/jre/lib/amd64/libzip.so
7f916fbf3000-7f916fdf3000 ---p 0001a000 08:06 2622131                    /usr/lib/jvm/java-8-oracle/jre/lib/amd64/libzip.so
7f916fdf3000-7f916fdf4000 rw-p 0001a000 08:06 2622131                    /usr/lib/jvm/java-8-oracle/jre/lib/amd64/libzip.so
7f916fdf4000-7f916fdff000 r-xp 00000000 08:06 3179021                    /lib/x86_64-linux-gnu/libnss_files-2.19.so
7f916fdff000-7f916fffe000 ---p 0000b000 08:06 3179021                    /lib/x86_64-linux-gnu/libnss_files-2.19.so
7f916fffe000-7f916ffff000 r--p 0000a000 08:06 3179021                    /lib/x86_64-linux-gnu/libnss_files-2.19.so
7f916ffff000-7f9170000000 rw-p 0000b000 08:06 3179021                    /lib/x86_64-linux-gnu/libnss_files-2.19.so
7f9170000000-7f9170566000 rw-p 00000000 00:00 0 
7f9170566000-7f9174000000 ---p 00000000 00:00 0 
7f9174000000-7f9174001000 r--s 00000000 08:06 2899213                    /var/cache/fontconfig/dc05db6664285cc2f12bf69c139ae4c3-le64.cache-4
7f9174001000-7f9174005000 r--s 00000000 08:06 2893145                    /var/cache/fontconfig/42b85b8870a9886f24b1a55d8ef88da0-le64.cache-4
7f9174005000-7f917400e000 r--s 00000000 08:06 2894189                    /var/cache/fontconfig/d0972c3d32f097851eb916381fc38920-le64.cache-4
7f917400e000-7f917401b000 r--s 00000000 08:06 2902107                    /var/cache/fontconfig/e13b20fdb08344e0e664864cc2ede53d-le64.cache-4
7f917401b000-7f91740b2000 rw-p 00000000 00:00 0 
7f91740b2000-7f91740bd000 r-xp 00000000 08:06 3179013                    /lib/x86_64-linux-gnu/libnss_nis-2.19.so
7f91740bd000-7f91742bc000 ---p 0000b000 08:06 3179013                    /lib/x86_64-linux-gnu/libnss_nis-2.19.so
7f91742bc000-7f91742bd000 r--p 0000a000 08:06 3179013                    /lib/x86_64-linux-gnu/libnss_nis-2.19.so
7f91742bd000-7f91742be000 rw-p 0000b000 08:06 3179013                    /lib/x86_64-linux-gnu/libnss_nis-2.19.so
7f91742be000-7f91742d5000 r-xp 00000000 08:06 3179009                    /lib/x86_64-linux-gnu/libnsl-2.19.so
7f91742d5000-7f91744d4000 ---p 00017000 08:06 3179009                    /lib/x86_64-linux-gnu/libnsl-2.19.so
7f91744d4000-7f91744d5000 r--p 00016000 08:06 3179009                    /lib/x86_64-linux-gnu/libnsl-2.19.so
7f91744d5000-7f91744d6000 rw-p 00017000 08:06 3179009                    /lib/x86_64-linux-gnu/libnsl-2.19.so
7f91744d6000-7f91744d8000 rw-p 00000000 00:00 0 
7f91744d8000-7f91744e1000 r-xp 00000000 08:06 3179008                    /lib/x86_64-linux-gnu/libnss_compat-2.19.so
7f91744e1000-7f91746e0000 ---p 00009000 08:06 3179008                    /lib/x86_64-linux-gnu/libnss_compat-2.19.so
7f91746e0000-7f91746e1000 r--p 00008000 08:06 3179008                    /lib/x86_64-linux-gnu/libnss_compat-2.19.so
7f91746e1000-7f91746e2000 rw-p 00009000 08:06 3179008                    /lib/x86_64-linux-gnu/libnss_compat-2.19.so
7f91746e2000-7f917470c000 r-xp 00000000 08:06 2622142                    /usr/lib/jvm/java-8-oracle/jre/lib/amd64/libjava.so
7f917470c000-7f917490c000 ---p 0002a000 08:06 2622142                    /usr/lib/jvm/java-8-oracle/jre/lib/amd64/libjava.so
7f917490c000-7f917490e000 rw-p 0002a000 08:06 2622142                    /usr/lib/jvm/java-8-oracle/jre/lib/amd64/libjava.so
7f917490e000-7f917491b000 r-xp 00000000 08:06 2622123                    /usr/lib/jvm/java-8-oracle/jre/lib/amd64/libverify.so
7f917491b000-7f9174b1b000 ---p 0000d000 08:06 2622123                    /usr/lib/jvm/java-8-oracle/jre/lib/amd64/libverify.so
7f9174b1b000-7f9174b1d000 rw-p 0000d000 08:06 2622123                    /usr/lib/jvm/java-8-oracle/jre/lib/amd64/libverify.so
7f9174b1d000-7f9174b24000 r-xp 00000000 08:06 3179017                    /lib/x86_64-linux-gnu/librt-2.19.so
7f9174b24000-7f9174d23000 ---p 00007000 08:06 3179017                    /lib/x86_64-linux-gnu/librt-2.19.so
7f9174d23000-7f9174d24000 r--p 00006000 08:06 3179017                    /lib/x86_64-linux-gnu/librt-2.19.so
7f9174d24000-7f9174d25000 rw-p 00007000 08:06 3179017                    /lib/x86_64-linux-gnu/librt-2.19.so
7f9174d25000-7f9174e2a000 r-xp 00000000 08:06 3179003                    /lib/x86_64-linux-gnu/libm-2.19.so
7f9174e2a000-7f9175029000 ---p 00105000 08:06 3179003                    /lib/x86_64-linux-gnu/libm-2.19.so
7f9175029000-7f917502a000 r--p 00104000 08:06 3179003                    /lib/x86_64-linux-gnu/libm-2.19.so
7f917502a000-7f917502b000 rw-p 00105000 08:06 3179003                    /lib/x86_64-linux-gnu/libm-2.19.so
7f917502b000-7f9175cea000 r-xp 00000000 08:06 2622137                    /usr/lib/jvm/java-8-oracle/jre/lib/amd64/server/libjvm.so
7f9175cea000-7f9175ee9000 ---p 00cbf000 08:06 2622137                    /usr/lib/jvm/java-8-oracle/jre/lib/amd64/server/libjvm.so
7f9175ee9000-7f9175fc2000 rw-p 00cbe000 08:06 2622137                    /usr/lib/jvm/java-8-oracle/jre/lib/amd64/server/libjvm.so
7f9175fc2000-7f917600b000 rw-p 00000000 00:00 0 
7f917600b000-7f91761c6000 r-xp 00000000 08:06 3179018                    /lib/x86_64-linux-gnu/libc-2.19.so
7f91761c6000-7f91763c5000 ---p 001bb000 08:06 3179018                    /lib/x86_64-linux-gnu/libc-2.19.so
7f91763c5000-7f91763c9000 r--p 001ba000 08:06 3179018                    /lib/x86_64-linux-gnu/libc-2.19.so
7f91763c9000-7f91763cb000 rw-p 001be000 08:06 3179018                    /lib/x86_64-linux-gnu/libc-2.19.so
7f91763cb000-7f91763d0000 rw-p 00000000 00:00 0 
7f91763d0000-7f91763d3000 r-xp 00000000 08:06 3179005                    /lib/x86_64-linux-gnu/libdl-2.19.so
7f91763d3000-7f91765d2000 ---p 00003000 08:06 3179005                    /lib/x86_64-linux-gnu/libdl-2.19.so
7f91765d2000-7f91765d3000 r--p 00002000 08:06 3179005                    /lib/x86_64-linux-gnu/libdl-2.19.so
7f91765d3000-7f91765d4000 rw-p 00003000 08:06 3179005                    /lib/x86_64-linux-gnu/libdl-2.19.so
7f91765d4000-7f91765e9000 r-xp 00000000 08:06 2622172                    /usr/lib/jvm/java-8-oracle/jre/lib/amd64/jli/libjli.so
7f91765e9000-7f91767e9000 ---p 00015000 08:06 2622172                    /usr/lib/jvm/java-8-oracle/jre/lib/amd64/jli/libjli.so
7f91767e9000-7f91767ea000 rw-p 00015000 08:06 2622172                    /usr/lib/jvm/java-8-oracle/jre/lib/amd64/jli/libjli.so
7f91767ea000-7f9176803000 r-xp 00000000 08:06 3179010                    /lib/x86_64-linux-gnu/libpthread-2.19.so
7f9176803000-7f9176a02000 ---p 00019000 08:06 3179010                    /lib/x86_64-linux-gnu/libpthread-2.19.so
7f9176a02000-7f9176a03000 r--p 00018000 08:06 3179010                    /lib/x86_64-linux-gnu/libpthread-2.19.so
7f9176a03000-7f9176a04000 rw-p 00019000 08:06 3179010                    /lib/x86_64-linux-gnu/libpthread-2.19.so
7f9176a04000-7f9176a08000 rw-p 00000000 00:00 0 
7f9176a08000-7f9176a2b000 r-xp 00000000 08:06 3179011                    /lib/x86_64-linux-gnu/ld-2.19.so
7f9176a2b000-7f9176a2c000 r--s 00000000 08:06 2902108                    /var/cache/fontconfig/4794a0821666d79190d59a36cb4f44b5-le64.cache-4
7f9176a2c000-7f9176a2d000 r--s 00000000 08:06 2899193                    /var/cache/fontconfig/56cf4f4769d0f4abc89a4895d7bd3ae1-le64.cache-4
7f9176a2d000-7f9176a31000 r--s 00000000 08:06 2904201                    /var/cache/fontconfig/7ef2298fde41cc6eeb7af42e48b7d293-le64.cache-4
7f9176a31000-7f9176b03000 rw-p 00000000 00:00 0 
7f9176b03000-7f9176b06000 ---p 00000000 00:00 0 
7f9176b06000-7f9176c08000 rw-p 00000000 00:00 0                          [stack:26988]
7f9176c08000-7f9176c09000 r--s 00000000 08:06 2899205                    /var/cache/fontconfig/b9d506c9ac06c20b433354fa67a72993-le64.cache-4
7f9176c09000-7f9176c0a000 r--s 00000000 08:06 2893146                    /var/cache/fontconfig/1ee5cafbe51fb67d0f91413347c9075c-le64.cache-4
7f9176c0a000-7f9176c0b000 r--s 00000000 08:06 2899182                    /var/cache/fontconfig/0c9eb80ebd1c36541ebe2852d3bb0c49-le64.cache-4
7f9176c0b000-7f9176c0f000 r--s 00097000 08:06 2539408                    /usr/lib/jvm/java-8-oracle/jre/lib/jsse.jar
7f9176c0f000-7f9176c1e000 rw-p 00000000 00:00 0 
7f9176c1e000-7f9176c26000 rw-s 00000000 08:06 1456825                    /tmp/hsperfdata_marti/26983
7f9176c26000-7f9176c27000 rw-p 00000000 00:00 0 
7f9176c27000-7f9176c28000 r--p 00000000 00:00 0 
7f9176c28000-7f9176c2a000 rw-p 00000000 00:00 0 
7f9176c2a000-7f9176c2b000 r--p 00022000 08:06 3179011                    /lib/x86_64-linux-gnu/ld-2.19.so
7f9176c2b000-7f9176c2c000 rw-p 00023000 08:06 3179011                    /lib/x86_64-linux-gnu/ld-2.19.so
7f9176c2c000-7f9176c2d000 rw-p 00000000 00:00 0 
7ffc72ca2000-7ffc72cc3000 rw-p 00000000 00:00 0                          [stack]
7ffc72db0000-7ffc72db2000 r-xp 00000000 00:00 0                          [vdso]
ffffffffff600000-ffffffffff601000 r-xp 00000000 00:00 0                  [vsyscall]

VM Arguments:
jvm_args: -Dfile.encoding=UTF-8 
java_command: store.tests.SellMethodTest
java_class_path (initial): /home/marti/Desktop/java/NBU/ReceiptGenerator/bin:/home/marti/Desktop/java/NBU/ReceiptGenerator/miglayout15-swing.jar:/home/marti/Desktop/java/NBU/ReceiptGenerator/jgoodies-forms-1.8.0.jar
Launcher Type: SUN_STANDARD

Environment Variables:
PATH=/usr/local/sbin:/usr/local/bin:/usr/sbin:/usr/bin:/sbin:/bin:/usr/games:/usr/local/games
SHELL=/bin/bash
DISPLAY=:0

Signal Handlers:
SIGSEGV: [libjvm.so+0xabb070], sa_mask[0]=11111111011111111101111111111110, sa_flags=SA_RESTART|SA_SIGINFO
SIGBUS: [libjvm.so+0xabb070], sa_mask[0]=11111111011111111101111111111110, sa_flags=SA_RESTART|SA_SIGINFO
SIGFPE: [libjvm.so+0x918480], sa_mask[0]=11111111011111111101111111111110, sa_flags=SA_RESTART|SA_SIGINFO
SIGPIPE: [libjvm.so+0x918480], sa_mask[0]=11111111011111111101111111111110, sa_flags=SA_RESTART|SA_SIGINFO
SIGXFSZ: [libjvm.so+0x918480], sa_mask[0]=11111111011111111101111111111110, sa_flags=SA_RESTART|SA_SIGINFO
SIGILL: [libjvm.so+0x918480], sa_mask[0]=11111111011111111101111111111110, sa_flags=SA_RESTART|SA_SIGINFO
SIGUSR1: SIG_DFL, sa_mask[0]=00000000000000000000000000000000, sa_flags=none
SIGUSR2: [libjvm.so+0x919ab0], sa_mask[0]=00100000000000000000000000000000, sa_flags=SA_RESTART|SA_SIGINFO
SIGHUP: [libjvm.so+0x91aeb0], sa_mask[0]=11111111011111111101111111111110, sa_flags=SA_RESTART|SA_SIGINFO
SIGINT: [libjvm.so+0x91aeb0], sa_mask[0]=11111111011111111101111111111110, sa_flags=SA_RESTART|SA_SIGINFO
SIGTERM: [libjvm.so+0x91aeb0], sa_mask[0]=11111111011111111101111111111110, sa_flags=SA_RESTART|SA_SIGINFO
SIGQUIT: [libjvm.so+0x91aeb0], sa_mask[0]=11111111011111111101111111111110, sa_flags=SA_RESTART|SA_SIGINFO


---------------  S Y S T E M  ---------------

OS:DISTRIB_ID=Ubuntu
DISTRIB_RELEASE=14.04
DISTRIB_CODENAME=trusty
DISTRIB_DESCRIPTION="Ubuntu 14.04.4 LTS"

uname:Linux 3.13.0-83-generic #127-Ubuntu SMP Fri Mar 11 00:25:37 UTC 2016 x86_64
libc:glibc 2.19 NPTL 2.19 
rlimit: STACK 8192k, CORE 0k, NPROC 23872, NOFILE 4096, AS infinity
load average:1,49 0,84 0,74

/proc/meminfo:
MemTotal:        3077280 kB
MemFree:         2032984 kB
Buffers:           22252 kB
Cached:           455900 kB
SwapCached:        17644 kB
Active:           527552 kB
Inactive:         321088 kB
Active(anon):     272876 kB
Inactive(anon):   106608 kB
Active(file):     254676 kB
Inactive(file):   214480 kB
Unevictable:          32 kB
Mlocked:              32 kB
SwapTotal:       3139580 kB
SwapFree:        2991252 kB
Dirty:               616 kB
Writeback:             0 kB
AnonPages:        357444 kB
Mapped:            59752 kB
Shmem:              8852 kB
Slab:             121240 kB
SReclaimable:      93548 kB
SUnreclaim:        27692 kB
KernelStack:        1920 kB
PageTables:        10364 kB
NFS_Unstable:          0 kB
Bounce:                0 kB
WritebackTmp:          0 kB
CommitLimit:     4678220 kB
Committed_AS:    1408116 kB
VmallocTotal:   34359738367 kB
VmallocUsed:      308060 kB
VmallocChunk:   34359403516 kB
HardwareCorrupted:     0 kB
AnonHugePages:    210944 kB
HugePages_Total:       0
HugePages_Free:        0
HugePages_Rsvd:        0
HugePages_Surp:        0
Hugepagesize:       2048 kB
DirectMap4k:      277760 kB
DirectMap2M:     2863104 kB


CPU:total 2 (2 cores per cpu, 1 threads per core) family 6 model 15 stepping 13, cmov, cx8, fxsr, mmx, sse, sse2, sse3, ssse3, tsc

/proc/cpuinfo:
processor	: 0
vendor_id	: GenuineIntel
cpu family	: 6
model		: 15
model name	: Intel(R) Core(TM)2 Duo CPU     T5800  @ 2.00GHz
stepping	: 13
microcode	: 0xa3
cpu MHz		: 2000.000
cache size	: 2048 KB
physical id	: 0
siblings	: 2
core id		: 0
cpu cores	: 2
apicid		: 0
initial apicid	: 0
fpu		: yes
fpu_exception	: yes
cpuid level	: 10
wp		: yes
flags		: fpu vme de pse tsc msr pae mce cx8 apic sep mtrr pge mca cmov pat pse36 clflush dts acpi mmx fxsr sse sse2 ss ht tm pbe syscall nx lm constant_tsc arch_perfmon pebs bts rep_good nopl aperfmperf pni dtes64 monitor ds_cpl est tm2 ssse3 cx16 xtpr pdcm lahf_lm dtherm
bogomips	: 3989.89
clflush size	: 64
cache_alignment	: 64
address sizes	: 36 bits physical, 48 bits virtual
power management:

processor	: 1
vendor_id	: GenuineIntel
cpu family	: 6
model		: 15
model name	: Intel(R) Core(TM)2 Duo CPU     T5800  @ 2.00GHz
stepping	: 13
microcode	: 0xa3
cpu MHz		: 2000.000
cache size	: 2048 KB
physical id	: 0
siblings	: 2
core id		: 1
cpu cores	: 2
apicid		: 1
initial apicid	: 1
fpu		: yes
fpu_exception	: yes
cpuid level	: 10
wp		: yes
flags		: fpu vme de pse tsc msr pae mce cx8 apic sep mtrr pge mca cmov pat pse36 clflush dts acpi mmx fxsr sse sse2 ss ht tm pbe syscall nx lm constant_tsc arch_perfmon pebs bts rep_good nopl aperfmperf pni dtes64 monitor ds_cpl est tm2 ssse3 cx16 xtpr pdcm lahf_lm dtherm
bogomips	: 3989.89
clflush size	: 64
cache_alignment	: 64
address sizes	: 36 bits physical, 48 bits virtual
power management:



Memory: 4k page, physical 3077280k(2032984k free), swap 3139580k(2991252k free)

vm_info: Java HotSpot(TM) 64-Bit Server VM (25.77-b03) for linux-amd64 JRE (1.8.0_77-b03), built on Mar 20 2016 22:00:46 by "java_re" with gcc 4.3.0 20080428 (Red Hat 4.3.0-8)

time: Wed Apr  6 00:29:32 2016
elapsed time: 15436 seconds (0d 4h 17m 16s)

